Log file open, 03/02/22 18:45:14
LogWindows: Failed to load 'aqProf.dll' (GetLastError=126)
LogWindows: File 'aqProf.dll' does not exist
LogWindows: Failed to load 'VtuneApi.dll' (GetLastError=126)
LogWindows: File 'VtuneApi.dll' does not exist
LogWindows: Failed to load 'VtuneApi32e.dll' (GetLastError=126)
LogWindows: File 'VtuneApi32e.dll' does not exist
LogConsoleResponse: Display: Failed to find resolution value strings in scalability ini. Falling back to default.
LogConsoleResponse: Display: Failed to find resolution value strings in scalability ini. Falling back to default.
LogInit: Display: Running engine for game: HelloUnreal
LogPlatformFile: Not using cached read wrapper
LogTaskGraph: Started task graph with 5 named threads and 47 total threads with 3 sets of task threads.
LogStats: Stats thread started at 0.427985
LogICUInternationalization: ICU TimeZone Detection - Raw Offset: +9:00, Platform Override: ''
LogInit: Display: Loading text-based GConfig....
LogPluginManager: Mounting plugin MeshPainting
LogPluginManager: Mounting plugin XGEController
LogPluginManager: Mounting plugin Paper2D
LogPluginManager: Mounting plugin LightPropagationVolume
LogPluginManager: Mounting plugin AISupport
LogPluginManager: Mounting plugin EnvironmentQueryEditor
LogPluginManager: Mounting plugin LiveLink
LogPluginManager: Mounting plugin AnimationSharing
LogPluginManager: Mounting plugin OodleData
LogPluginManager: Mounting plugin CLionSourceCodeAccess
LogPluginManager: Mounting plugin LuminPlatformFeatures
LogPluginManager: Mounting plugin Niagara
LogPluginManager: Mounting plugin AlembicImporter
LogPluginManager: Mounting plugin OodleNetwork
LogPluginManager: Mounting plugin MagicLeap
LogPluginManager: Mounting plugin CodeLiteSourceCodeAccess
LogPluginManager: Mounting plugin AutomationUtils
LogPluginManager: Mounting plugin GitSourceControl
LogPluginManager: Mounting plugin BackChannel
LogPluginManager: Mounting plugin KDevelopSourceCodeAccess
LogPluginManager: Mounting plugin NullSourceCodeAccess
LogPluginManager: Mounting plugin PixWinPlugin
LogPluginManager: Mounting plugin PerforceSourceControl
LogPluginManager: Mounting plugin PlasticSourceControl
LogPluginManager: Mounting plugin DatasmithContent
LogPluginManager: Mounting plugin PluginUtils
LogPluginManager: Mounting plugin PropertyAccessNode
LogPluginManager: Mounting plugin RiderSourceCodeAccess
LogPluginManager: Mounting plugin SubversionSourceControl
LogPluginManager: Mounting plugin ChaosCloth
LogPluginManager: Mounting plugin TextureFormatOodle
LogPluginManager: Mounting plugin VariantManagerContent
LogPluginManager: Mounting plugin UObjectPlugin
LogPluginManager: Mounting plugin ChaosClothEditor
LogPluginManager: Mounting plugin ChaosEditor
LogPluginManager: Mounting plugin VisualStudioCodeSourceCodeAccess
LogPluginManager: Mounting plugin VisualStudioSourceCodeAccess
LogPluginManager: Mounting plugin ChaosNiagara
LogPluginManager: Mounting plugin XCodeSourceCodeAccess
LogPluginManager: Mounting plugin ChaosSolverPlugin
LogPluginManager: Mounting plugin CharacterAI
LogPluginManager: Mounting plugin AssetManagerEditor
LogPluginManager: Mounting plugin GeometryCollectionPlugin
LogPluginManager: Mounting plugin CryptoKeys
LogPluginManager: Mounting plugin CurveEditorTools
LogPluginManager: Mounting plugin DataValidation
LogPluginManager: Mounting plugin GeometryCache
LogPluginManager: Mounting plugin FacialAnimation
LogPluginManager: Mounting plugin GameplayTagsEditor
LogPluginManager: Mounting plugin GeometryMode
LogPluginManager: Mounting plugin AndroidMedia
LogPluginManager: Mounting plugin MacGraphicsSwitching
LogPluginManager: Mounting plugin MaterialAnalyzer
LogPluginManager: Mounting plugin MobileLauncherProfileWizard
LogPluginManager: Mounting plugin MagicLeapLightEstimation
LogPluginManager: Mounting plugin PluginBrowser
LogPluginManager: Mounting plugin AvfMedia
LogPluginManager: Mounting plugin MagicLeapMedia
LogPluginManager: Mounting plugin SpeedTreeImporter
LogPluginManager: Mounting plugin MagicLeapPassableWorld
LogPluginManager: Mounting plugin MLSDK
LogPluginManager: Mounting plugin ImgMedia
LogPluginManager: Mounting plugin MediaCompositing
LogPluginManager: Mounting plugin GeometryProcessing
LogPluginManager: Mounting plugin MediaPlayerEditor
LogPluginManager: Mounting plugin WebMMedia
LogPluginManager: Mounting plugin WmfMedia
LogPluginManager: Mounting plugin OpenImageDenoise
LogPluginManager: Mounting plugin MotoSynth
LogPluginManager: Mounting plugin PlanarCut
LogPluginManager: Mounting plugin PlatformCrypto
LogPluginManager: Mounting plugin ProxyLODPlugin
LogPluginManager: Mounting plugin PythonScriptPlugin
LogPluginManager: Mounting plugin SkeletalReduction
LogPluginManager: Mounting plugin CameraShakePreviewer
LogPluginManager: Mounting plugin GameplayCameras
LogPluginManager: Mounting plugin TcpMessaging
LogPluginManager: Mounting plugin ActorSequence
LogPluginManager: Mounting plugin UdpMessaging
LogPluginManager: Mounting plugin LevelSequenceEditor
LogPluginManager: Mounting plugin MatineeToLevelSequence
LogPluginManager: Mounting plugin TemplateSequence
LogPluginManager: Mounting plugin OnlineSubsystem
LogPluginManager: Mounting plugin OnlineSubsystemNull
LogPluginManager: Mounting plugin OnlineSubsystemUtils
LogPluginManager: Mounting plugin LauncherChunkInstaller
LogPluginManager: Mounting plugin ActorLayerUtilities
LogPluginManager: Mounting plugin AndroidDeviceProfileSelector
LogPluginManager: Mounting plugin AndroidMoviePlayer
LogPluginManager: Mounting plugin AndroidPermission
LogPluginManager: Mounting plugin AppleImageUtils
LogPluginManager: Mounting plugin AppleMoviePlayer
LogPluginManager: Mounting plugin ArchVisCharacter
LogPluginManager: Mounting plugin AssetTags
LogPluginManager: Mounting plugin AudioCapture
LogPluginManager: Mounting plugin AudioSynesthesia
LogPluginManager: Mounting plugin CableComponent
LogPluginManager: Mounting plugin ChunkDownloader
LogPluginManager: Mounting plugin CustomMeshComponent
LogPluginManager: Mounting plugin EditableMesh
LogPluginManager: Mounting plugin ExampleDeviceProfileSelector
LogPluginManager: Mounting plugin GoogleCloudMessaging
LogPluginManager: Mounting plugin GooglePAD
LogPluginManager: Mounting plugin ScreenshotTools
LogPluginManager: Mounting plugin IOSDeviceProfileSelector
LogPluginManager: Mounting plugin LinuxDeviceProfileSelector
LogPluginManager: Mounting plugin LocationServicesBPLibrary
LogPluginManager: Mounting plugin MobilePatchingUtils
LogPluginManager: Mounting plugin OpenXREyeTracker
LogPluginManager: Mounting plugin OpenXR
LogPluginManager: Mounting plugin OpenXRHandTracking
LogPluginManager: Mounting plugin PhysXVehicles
LogPluginManager: Mounting plugin PostSplashScreen
LogPluginManager: Mounting plugin Takes
LogPluginManager: Mounting plugin ProceduralMeshComponent
LogPluginManager: Mounting plugin PropertyAccessEditor
LogPluginManager: Mounting plugin RuntimePhysXCooking
LogPluginManager: Mounting plugin SignificanceManager
LogPluginManager: Mounting plugin SoundFields
LogPluginManager: Mounting plugin Synthesis
LogPluginManager: Mounting plugin WebMMoviePlayer
LogPluginManager: Mounting plugin WindowsMoviePlayer
LogPluginManager: Mounting plugin ContentBrowserClassDataSource
LogPluginManager: Mounting plugin ContentBrowserAssetDataSource
LogPluginManager: Mounting plugin ContentBrowserFileDataSource
LogPluginManager: Mounting plugin OnlineSubsystemGooglePlay
LogPluginManager: Mounting plugin OnlineSubsystemIOS
LogPluginManager: Mounting plugin OculusVR
LogPluginManager: Mounting plugin SteamVR
PixWinPlugin: PIX capture plugin failed to initialize! Check that the process is launched from PIX.
LogInit: Using libcurl 7.55.1-DEV
LogInit:  - built for x86_64-pc-win32
LogInit:  - supports SSL with OpenSSL/1.1.1
LogInit:  - supports HTTP deflate (compression) using libz 1.2.8
LogInit:  - other features:
LogInit:      CURL_VERSION_SSL
LogInit:      CURL_VERSION_LIBZ
LogInit:      CURL_VERSION_IPV6
LogInit:      CURL_VERSION_ASYNCHDNS
LogInit:      CURL_VERSION_LARGEFILE
LogInit:      CURL_VERSION_IDN
LogInit:  CurlRequestOptions (configurable via config and command line):
LogInit:  - bVerifyPeer = true  - Libcurl will verify peer certificate
LogInit:  - bUseHttpProxy = false  - Libcurl will NOT use HTTP proxy
LogInit:  - bDontReuseConnections = false  - Libcurl will reuse connections
LogInit:  - MaxHostConnections = 16  - Libcurl will limit the number of connections to a host
LogInit:  - LocalHostAddr = Default
LogInit:  - BufferSize = 65536
LogOnline: OSS: Creating online subsystem instance for: NULL
LogInit: WinSock: version 1.1 (2.2), MaxSocks=32767, MaxUdp=65467
LogOnline: OSS: TryLoadSubsystemAndSetDefault: Loaded subsystem for module [NULL]
LogOculusPluginWrapper: OculusPlugin initialized successfully
LogHMD: Failed initializing OVRPlugin 1.59.0
LogInit: Build: ++UE4+Release-4.27-CL-18319896
LogInit: Engine Version: 4.27.2-18319896+++UE4+Release-4.27
LogInit: Compatible Engine Version: 4.27.0-17155196+++UE4+Release-4.27
LogInit: Net CL: 17155196
LogInit: OS: Windows 10 (Release 2009) (), CPU: Intel(R) Core(TM) i7-10700 CPU @ 2.90GHz, GPU: NVIDIA GeForce RTX 2060
LogInit: Compiled (64-bit): Nov 30 2021 07:12:08
LogInit: Compiled with Visual C++: 19.24.28315.00
LogInit: Build Configuration: DebugGame
LogInit: Branch Name: ++UE4+Release-4.27
LogInit: Command Line:  -skipcompile
LogInit: Base Directory: C:/Program Files/Epic Games/UE_4.27/Engine/Binaries/Win64/
LogInit: Allocator: TBB
LogInit: Installed Engine Build: 1
LogDevObjectVersion: Number of dev versions registered: 29
LogDevObjectVersion:   Dev-Blueprints (B0D832E4-1F89-4F0D-ACCF-7EB736FD4AA2): 10
LogDevObjectVersion:   Dev-Build (E1C64328-A22C-4D53-A36C-8E866417BD8C): 0
LogDevObjectVersion:   Dev-Core (375EC13C-06E4-48FB-B500-84F0262A717E): 4
LogDevObjectVersion:   Dev-Editor (E4B068ED-F494-42E9-A231-DA0B2E46BB41): 40
LogDevObjectVersion:   Dev-Framework (CFFC743F-43B0-4480-9391-14DF171D2073): 37
LogDevObjectVersion:   Dev-Mobile (B02B49B5-BB20-44E9-A304-32B752E40360): 3
LogDevObjectVersion:   Dev-Networking (A4E4105C-59A1-49B5-A7C5-40C4547EDFEE): 0
LogDevObjectVersion:   Dev-Online (39C831C9-5AE6-47DC-9A44-9C173E1C8E7C): 0
LogDevObjectVersion:   Dev-Physics (78F01B33-EBEA-4F98-B9B4-84EACCB95AA2): 14
LogDevObjectVersion:   Dev-Platform (6631380F-2D4D-43E0-8009-CF276956A95A): 0
LogDevObjectVersion:   Dev-Rendering (12F88B9F-8875-4AFC-A67C-D90C383ABD29): 45
LogDevObjectVersion:   Dev-Sequencer (7B5AE74C-D270-4C10-A958-57980B212A5A): 13
LogDevObjectVersion:   Dev-VR (D7296918-1DD6-4BDD-9DE2-64A83CC13884): 3
LogDevObjectVersion:   Dev-LoadTimes (C2A15278-BFE7-4AFE-6C17-90FF531DF755): 1
LogDevObjectVersion:   Private-Geometry (6EACA3D4-40EC-4CC1-B786-8BED09428FC5): 3
LogDevObjectVersion:   Dev-AnimPhys (29E575DD-E0A3-4627-9D10-D276232CDCEA): 17
LogDevObjectVersion:   Dev-Anim (AF43A65D-7FD3-4947-9873-3E8ED9C1BB05): 15
LogDevObjectVersion:   Dev-ReflectionCapture (6B266CEC-1EC7-4B8F-A30B-E4D90942FC07): 1
LogDevObjectVersion:   Dev-Automation (0DF73D61-A23F-47EA-B727-89E90C41499A): 1
LogDevObjectVersion:   FortniteMain (601D1886-AC64-4F84-AA16-D3DE0DEAC7D6): 47
LogDevObjectVersion:   FortniteRelease (E7086368-6B23-4C58-8439-1B7016265E91): 1
LogDevObjectVersion:   Dev-Enterprise (9DFFBCD6-494F-0158-E221-12823C92A888): 10
LogDevObjectVersion:   Dev-Niagara (F2AED0AC-9AFE-416F-8664-AA7FFA26D6FC): 1
LogDevObjectVersion:   Dev-Destruction (174F1F0B-B4C6-45A5-B13F-2EE8D0FB917D): 10
LogDevObjectVersion:   Dev-Physics-Ext (35F94A83-E258-406C-A318-09F59610247C): 41
LogDevObjectVersion:   Dev-PhysicsMaterial-Chaos (B68FC16E-8B1B-42E2-B453-215C058844FE): 1
LogDevObjectVersion:   Dev-CineCamera (B2E18506-4273-CFC2-A54E-F4BB758BBA07): 1
LogDevObjectVersion:   Dev-VirtualProduction (64F58936-FD1B-42BA-BA96-7289D5D0FA4E): 1
LogDevObjectVersion:   Dev-MediaFramework (6F0ED827-A609-4895-9C91-998D90180EA4): 2
LogInit: Presizing for max 25165824 objects, including 0 objects not considered by GC, pre-allocating 0 bytes for permanent pool.
LogConfig: Applying CVar settings from Section [/Script/Engine.StreamingSettings] File [C:/nolme/PlayReal/HelloUnreal/Saved/Config/Windows/Engine.ini]
LogConfig: Setting CVar [[s.MinBulkDataSizeForAsyncLoading:131072]]
LogConfig: Setting CVar [[s.AsyncLoadingThreadEnabled:0]]
LogConfig: Setting CVar [[s.EventDrivenLoaderEnabled:1]]
LogConfig: Setting CVar [[s.WarnIfTimeLimitExceeded:0]]
LogConfig: Setting CVar [[s.TimeLimitExceededMultiplier:1.5]]
LogConfig: Setting CVar [[s.TimeLimitExceededMinTime:0.005]]
LogConfig: Setting CVar [[s.UseBackgroundLevelStreaming:1]]
LogConfig: Setting CVar [[s.PriorityAsyncLoadingExtraTime:15.0]]
LogConfig: Setting CVar [[s.LevelStreamingActorsUpdateTimeLimit:5.0]]
LogConfig: Setting CVar [[s.PriorityLevelStreamingActorsUpdateExtraTime:5.0]]
LogConfig: Setting CVar [[s.LevelStreamingComponentsRegistrationGranularity:10]]
LogConfig: Setting CVar [[s.UnregisterComponentsTimeLimit:1.0]]
LogConfig: Setting CVar [[s.LevelStreamingComponentsUnregistrationGranularity:5]]
LogConfig: Setting CVar [[s.FlushStreamingOnExit:1]]
LogInit: Object subsystem initialized
LogConfig: Setting CVar [[con.DebugEarlyDefault:1]]
LogConfig: Setting CVar [[r.setres:1280x720]]
[2022.03.02-09.45.16:129][  0]LogConfig: Setting CVar [[r.VSync:0]]
[2022.03.02-09.45.16:129][  0]LogConfig: Setting CVar [[r.RHICmdBypass:0]]
[2022.03.02-09.45.16:129][  0]LogConfig: Applying CVar settings from Section [/Script/Engine.RendererSettings] File [C:/nolme/PlayReal/HelloUnreal/Saved/Config/Windows/Engine.ini]
[2022.03.02-09.45.16:129][  0]LogConfig: Setting CVar [[r.GPUCrashDebugging:0]]
[2022.03.02-09.45.16:129][  0]LogConfig: Applying CVar settings from Section [/Script/Engine.RendererOverrideSettings] File [C:/nolme/PlayReal/HelloUnreal/Saved/Config/Windows/Engine.ini]
[2022.03.02-09.45.16:129][  0]LogConfig: Applying CVar settings from Section [/Script/Engine.StreamingSettings] File [C:/nolme/PlayReal/HelloUnreal/Saved/Config/Windows/Engine.ini]
[2022.03.02-09.45.16:129][  0]LogConfig: Setting CVar [[s.MinBulkDataSizeForAsyncLoading:131072]]
[2022.03.02-09.45.16:129][  0]LogConfig: Setting CVar [[s.AsyncLoadingThreadEnabled:0]]
[2022.03.02-09.45.16:129][  0]LogConfig: Setting CVar [[s.EventDrivenLoaderEnabled:1]]
[2022.03.02-09.45.16:129][  0]LogConfig: Setting CVar [[s.WarnIfTimeLimitExceeded:0]]
[2022.03.02-09.45.16:129][  0]LogConfig: Setting CVar [[s.TimeLimitExceededMultiplier:1.5]]
[2022.03.02-09.45.16:130][  0]LogConfig: Setting CVar [[s.TimeLimitExceededMinTime:0.005]]
[2022.03.02-09.45.16:130][  0]LogConfig: Setting CVar [[s.UseBackgroundLevelStreaming:1]]
[2022.03.02-09.45.16:130][  0]LogConfig: Setting CVar [[s.PriorityAsyncLoadingExtraTime:15.0]]
[2022.03.02-09.45.16:130][  0]LogConfig: Setting CVar [[s.LevelStreamingActorsUpdateTimeLimit:5.0]]
[2022.03.02-09.45.16:130][  0]LogConfig: Setting CVar [[s.PriorityLevelStreamingActorsUpdateExtraTime:5.0]]
[2022.03.02-09.45.16:130][  0]LogConfig: Setting CVar [[s.LevelStreamingComponentsRegistrationGranularity:10]]
[2022.03.02-09.45.16:130][  0]LogConfig: Setting CVar [[s.UnregisterComponentsTimeLimit:1.0]]
[2022.03.02-09.45.16:130][  0]LogConfig: Setting CVar [[s.LevelStreamingComponentsUnregistrationGranularity:5]]
[2022.03.02-09.45.16:130][  0]LogConfig: Setting CVar [[s.FlushStreamingOnExit:1]]
[2022.03.02-09.45.16:130][  0]LogConfig: Applying CVar settings from Section [/Script/Engine.GarbageCollectionSettings] File [C:/nolme/PlayReal/HelloUnreal/Saved/Config/Windows/Engine.ini]
[2022.03.02-09.45.16:130][  0]LogConfig: Setting CVar [[gc.MaxObjectsNotConsideredByGC:1]]
[2022.03.02-09.45.16:130][  0]LogConfig: Setting CVar [[gc.SizeOfPermanentObjectPool:0]]
[2022.03.02-09.45.16:130][  0]LogConfig: Setting CVar [[gc.FlushStreamingOnGC:0]]
[2022.03.02-09.45.16:130][  0]LogConfig: Setting CVar [[gc.NumRetriesBeforeForcingGC:10]]
[2022.03.02-09.45.16:130][  0]LogConfig: Setting CVar [[gc.AllowParallelGC:1]]
[2022.03.02-09.45.16:130][  0]LogConfig: Setting CVar [[gc.TimeBetweenPurgingPendingKillObjects:61.1]]
[2022.03.02-09.45.16:130][  0]LogConfig: Setting CVar [[gc.MaxObjectsInEditor:25165824]]
[2022.03.02-09.45.16:130][  0]LogConfig: Setting CVar [[gc.IncrementalBeginDestroyEnabled:1]]
[2022.03.02-09.45.16:130][  0]LogConfig: Setting CVar [[gc.CreateGCClusters:1]]
[2022.03.02-09.45.16:130][  0]LogConfig: Setting CVar [[gc.MinGCClusterSize:5]]
[2022.03.02-09.45.16:130][  0]LogConfig: Setting CVar [[gc.ActorClusteringEnabled:0]]
[2022.03.02-09.45.16:130][  0]LogConfig: Setting CVar [[gc.BlueprintClusteringEnabled:0]]
[2022.03.02-09.45.16:130][  0]LogConfig: Setting CVar [[gc.UseDisregardForGCOnDedicatedServers:0]]
[2022.03.02-09.45.16:130][  0]LogConfig: Setting CVar [[gc.MultithreadedDestructionEnabled:1]]
[2022.03.02-09.45.16:131][  0]LogConfig: Applying CVar settings from Section [/Script/Engine.NetworkSettings] File [C:/nolme/PlayReal/HelloUnreal/Saved/Config/Windows/Engine.ini]
[2022.03.02-09.45.16:131][  0]LogConfig: Applying CVar settings from Section [/Script/UnrealEd.CookerSettings] File [C:/nolme/PlayReal/HelloUnreal/Saved/Config/Windows/Engine.ini]
[2022.03.02-09.45.16:160][  0]LogConfig: Applying CVar settings from Section [ViewDistanceQuality@3] File [C:/nolme/PlayReal/HelloUnreal/Saved/Config/Windows/Scalability.ini]
[2022.03.02-09.45.16:160][  0]LogConfig: Setting CVar [[r.SkeletalMeshLODBias:0]]
[2022.03.02-09.45.16:161][  0]LogConfig: Setting CVar [[r.ViewDistanceScale:1.0]]
[2022.03.02-09.45.16:161][  0]LogConfig: Applying CVar settings from Section [AntiAliasingQuality@3] File [C:/nolme/PlayReal/HelloUnreal/Saved/Config/Windows/Scalability.ini]
[2022.03.02-09.45.16:161][  0]LogConfig: Setting CVar [[r.PostProcessAAQuality:4]]
[2022.03.02-09.45.16:161][  0]LogConfig: Applying CVar settings from Section [ShadowQuality@3] File [C:/nolme/PlayReal/HelloUnreal/Saved/Config/Windows/Scalability.ini]
[2022.03.02-09.45.16:161][  0]LogConfig: Setting CVar [[r.LightFunctionQuality:1]]
[2022.03.02-09.45.16:161][  0]LogConfig: Setting CVar [[r.ShadowQuality:5]]
[2022.03.02-09.45.16:161][  0]LogConfig: Setting CVar [[r.Shadow.CSM.MaxCascades:10]]
[2022.03.02-09.45.16:161][  0]LogConfig: Setting CVar [[r.Shadow.MaxResolution:2048]]
[2022.03.02-09.45.16:161][  0]LogConfig: Setting CVar [[r.Shadow.MaxCSMResolution:2048]]
[2022.03.02-09.45.16:161][  0]LogConfig: Setting CVar [[r.Shadow.RadiusThreshold:0.01]]
[2022.03.02-09.45.16:161][  0]LogConfig: Setting CVar [[r.Shadow.DistanceScale:1.0]]
[2022.03.02-09.45.16:162][  0]LogConfig: Setting CVar [[r.Shadow.CSM.TransitionScale:1.0]]
[2022.03.02-09.45.16:162][  0]LogConfig: Setting CVar [[r.Shadow.PreShadowResolutionFactor:1.0]]
[2022.03.02-09.45.16:162][  0]LogConfig: Setting CVar [[r.DistanceFieldShadowing:1]]
[2022.03.02-09.45.16:162][  0]LogConfig: Setting CVar [[r.DistanceFieldAO:1]]
[2022.03.02-09.45.16:162][  0]LogConfig: Setting CVar [[r.AOQuality:2]]
[2022.03.02-09.45.16:162][  0]LogConfig: Setting CVar [[r.VolumetricFog:1]]
[2022.03.02-09.45.16:162][  0]LogConfig: Setting CVar [[r.VolumetricFog.GridPixelSize:8]]
[2022.03.02-09.45.16:162][  0]LogConfig: Setting CVar [[r.VolumetricFog.GridSizeZ:128]]
[2022.03.02-09.45.16:162][  0]LogConfig: Setting CVar [[r.VolumetricFog.HistoryMissSupersampleCount:4]]
[2022.03.02-09.45.16:162][  0]LogConfig: Setting CVar [[r.LightMaxDrawDistanceScale:1]]
[2022.03.02-09.45.16:162][  0]LogConfig: Setting CVar [[r.CapsuleShadows:1]]
[2022.03.02-09.45.16:162][  0]LogConfig: Applying CVar settings from Section [PostProcessQuality@3] File [C:/nolme/PlayReal/HelloUnreal/Saved/Config/Windows/Scalability.ini]
[2022.03.02-09.45.16:162][  0]LogConfig: Setting CVar [[r.MotionBlurQuality:4]]
[2022.03.02-09.45.16:162][  0]LogConfig: Setting CVar [[r.AmbientOcclusionMipLevelFactor:0.4]]
[2022.03.02-09.45.16:162][  0]LogConfig: Setting CVar [[r.AmbientOcclusionMaxQuality:100]]
[2022.03.02-09.45.16:162][  0]LogConfig: Setting CVar [[r.AmbientOcclusionLevels:-1]]
[2022.03.02-09.45.16:162][  0]LogConfig: Setting CVar [[r.AmbientOcclusionRadiusScale:1.0]]
[2022.03.02-09.45.16:162][  0]LogConfig: Setting CVar [[r.DepthOfFieldQuality:2]]
[2022.03.02-09.45.16:162][  0]LogConfig: Setting CVar [[r.RenderTargetPoolMin:400]]
[2022.03.02-09.45.16:162][  0]LogConfig: Setting CVar [[r.LensFlareQuality:2]]
[2022.03.02-09.45.16:162][  0]LogConfig: Setting CVar [[r.SceneColorFringeQuality:1]]
[2022.03.02-09.45.16:162][  0]LogConfig: Setting CVar [[r.EyeAdaptationQuality:2]]
[2022.03.02-09.45.16:162][  0]LogConfig: Setting CVar [[r.BloomQuality:5]]
[2022.03.02-09.45.16:162][  0]LogConfig: Setting CVar [[r.FastBlurThreshold:100]]
[2022.03.02-09.45.16:163][  0]LogConfig: Setting CVar [[r.Upscale.Quality:3]]
[2022.03.02-09.45.16:163][  0]LogConfig: Setting CVar [[r.Tonemapper.GrainQuantization:1]]
[2022.03.02-09.45.16:163][  0]LogConfig: Setting CVar [[r.LightShaftQuality:1]]
[2022.03.02-09.45.16:163][  0]LogConfig: Setting CVar [[r.Filter.SizeScale:1]]
[2022.03.02-09.45.16:163][  0]LogConfig: Setting CVar [[r.Tonemapper.Quality:5]]
[2022.03.02-09.45.16:163][  0]LogConfig: Setting CVar [[r.DOF.Gather.AccumulatorQuality:1        ; higher gathering accumulator quality]]
[2022.03.02-09.45.16:163][  0]LogConfig: Setting CVar [[r.DOF.Gather.PostfilterMethod:1          ; Median3x3 postfilering method]]
[2022.03.02-09.45.16:163][  0]LogConfig: Setting CVar [[r.DOF.Gather.EnableBokehSettings:0       ; no bokeh simulation when gathering]]
[2022.03.02-09.45.16:163][  0]LogConfig: Setting CVar [[r.DOF.Gather.RingCount:4                 ; medium number of samples when gathering]]
[2022.03.02-09.45.16:163][  0]LogConfig: Setting CVar [[r.DOF.Scatter.ForegroundCompositing:1    ; additive foreground scattering]]
[2022.03.02-09.45.16:163][  0]LogConfig: Setting CVar [[r.DOF.Scatter.BackgroundCompositing:2    ; additive background scattering]]
[2022.03.02-09.45.16:163][  0]LogConfig: Setting CVar [[r.DOF.Scatter.EnableBokehSettings:1      ; bokeh simulation when scattering]]
[2022.03.02-09.45.16:163][  0]LogConfig: Setting CVar [[r.DOF.Scatter.MaxSpriteRatio:0.1         ; only a maximum of 10% of scattered bokeh]]
[2022.03.02-09.45.16:163][  0]LogConfig: Setting CVar [[r.DOF.Recombine.Quality:1                ; cheap slight out of focus]]
[2022.03.02-09.45.16:163][  0]LogConfig: Setting CVar [[r.DOF.Recombine.EnableBokehSettings:0    ; no bokeh simulation on slight out of focus]]
[2022.03.02-09.45.16:163][  0]LogConfig: Setting CVar [[r.DOF.TemporalAAQuality:1                ; more stable temporal accumulation]]
[2022.03.02-09.45.16:163][  0]LogConfig: Setting CVar [[r.DOF.Kernel.MaxForegroundRadius:0.025]]
[2022.03.02-09.45.16:163][  0]LogConfig: Setting CVar [[r.DOF.Kernel.MaxBackgroundRadius:0.025]]
[2022.03.02-09.45.16:163][  0]LogConfig: Applying CVar settings from Section [TextureQuality@3] File [C:/nolme/PlayReal/HelloUnreal/Saved/Config/Windows/Scalability.ini]
[2022.03.02-09.45.16:163][  0]LogConfig: Setting CVar [[r.Streaming.MipBias:0]]
[2022.03.02-09.45.16:163][  0]LogConfig: Setting CVar [[r.Streaming.AmortizeCPUToGPUCopy:0]]
[2022.03.02-09.45.16:163][  0]LogConfig: Setting CVar [[r.Streaming.MaxNumTexturesToStreamPerFrame:0]]
[2022.03.02-09.45.16:163][  0]LogConfig: Setting CVar [[r.Streaming.Boost:1]]
[2022.03.02-09.45.16:164][  0]LogConfig: Setting CVar [[r.MaxAnisotropy:8]]
[2022.03.02-09.45.16:164][  0]LogConfig: Setting CVar [[r.VT.MaxAnisotropy:8]]
[2022.03.02-09.45.16:164][  0]LogConfig: Setting CVar [[r.Streaming.LimitPoolSizeToVRAM:0]]
[2022.03.02-09.45.16:164][  0]LogConfig: Setting CVar [[r.Streaming.PoolSize:1000]]
[2022.03.02-09.45.16:164][  0]LogConfig: Setting CVar [[r.Streaming.MaxEffectiveScreenSize:0]]
[2022.03.02-09.45.16:164][  0]LogConfig: Applying CVar settings from Section [EffectsQuality@3] File [C:/nolme/PlayReal/HelloUnreal/Saved/Config/Windows/Scalability.ini]
[2022.03.02-09.45.16:164][  0]LogConfig: Setting CVar [[r.TranslucencyLightingVolumeDim:64]]
[2022.03.02-09.45.16:164][  0]LogConfig: Setting CVar [[r.RefractionQuality:2]]
[2022.03.02-09.45.16:164][  0]LogConfig: Setting CVar [[r.SSR.Quality:3]]
[2022.03.02-09.45.16:164][  0]LogConfig: Setting CVar [[r.SSR.HalfResSceneColor:0]]
[2022.03.02-09.45.16:164][  0]LogConfig: Setting CVar [[r.SceneColorFormat:4]]
[2022.03.02-09.45.16:164][  0]LogConfig: Setting CVar [[r.DetailMode:2]]
[2022.03.02-09.45.16:164][  0]LogConfig: Setting CVar [[r.TranslucencyVolumeBlur:1]]
[2022.03.02-09.45.16:164][  0]LogConfig: Setting CVar [[r.MaterialQualityLevel:1 ; High quality]]
[2022.03.02-09.45.16:164][  0]LogConfig: Setting CVar [[r.AnisotropicMaterials:1]]
[2022.03.02-09.45.16:164][  0]LogConfig: Setting CVar [[r.SSS.Scale:1]]
[2022.03.02-09.45.16:164][  0]LogConfig: Setting CVar [[r.SSS.SampleSet:2]]
[2022.03.02-09.45.16:164][  0]LogConfig: Setting CVar [[r.SSS.Quality:1]]
[2022.03.02-09.45.16:164][  0]LogConfig: Setting CVar [[r.SSS.HalfRes:0]]
[2022.03.02-09.45.16:164][  0]LogConfig: Setting CVar [[r.SSGI.Quality:3]]
[2022.03.02-09.45.16:164][  0]LogConfig: Setting CVar [[r.EmitterSpawnRateScale:1.0]]
[2022.03.02-09.45.16:164][  0]LogConfig: Setting CVar [[r.ParticleLightQuality:2]]
[2022.03.02-09.45.16:164][  0]LogConfig: Setting CVar [[r.SkyAtmosphere.AerialPerspectiveLUT.FastApplyOnOpaque:1 ; Always have FastSkyLUT 1 in this case to avoid wrong sky]]
[2022.03.02-09.45.16:164][  0]LogConfig: Setting CVar [[r.SkyAtmosphere.AerialPerspectiveLUT.SampleCountMaxPerSlice:4]]
[2022.03.02-09.45.16:165][  0]LogConfig: Setting CVar [[r.SkyAtmosphere.AerialPerspectiveLUT.DepthResolution:16.0]]
[2022.03.02-09.45.16:165][  0]LogConfig: Setting CVar [[r.SkyAtmosphere.FastSkyLUT:1]]
[2022.03.02-09.45.16:165][  0]LogConfig: Setting CVar [[r.SkyAtmosphere.FastSkyLUT.SampleCountMin:4.0]]
[2022.03.02-09.45.16:165][  0]LogConfig: Setting CVar [[r.SkyAtmosphere.FastSkyLUT.SampleCountMax:128.0]]
[2022.03.02-09.45.16:165][  0]LogConfig: Setting CVar [[r.SkyAtmosphere.SampleCountMin:4.0]]
[2022.03.02-09.45.16:165][  0]LogConfig: Setting CVar [[r.SkyAtmosphere.SampleCountMax:128.0]]
[2022.03.02-09.45.16:165][  0]LogConfig: Setting CVar [[r.SkyAtmosphere.TransmittanceLUT.UseSmallFormat:0]]
[2022.03.02-09.45.16:165][  0]LogConfig: Setting CVar [[r.SkyAtmosphere.TransmittanceLUT.SampleCount:10.0]]
[2022.03.02-09.45.16:165][  0]LogConfig: Setting CVar [[r.SkyAtmosphere.MultiScatteringLUT.SampleCount:15.0]]
[2022.03.02-09.45.16:165][  0]LogConfig: Setting CVar [[r.SkyLight.RealTimeReflectionCapture:1]]
[2022.03.02-09.45.16:165][  0]LogConfig: Applying CVar settings from Section [FoliageQuality@3] File [C:/nolme/PlayReal/HelloUnreal/Saved/Config/Windows/Scalability.ini]
[2022.03.02-09.45.16:165][  0]LogConfig: Setting CVar [[foliage.DensityScale:1.0]]
[2022.03.02-09.45.16:165][  0]LogConfig: Setting CVar [[grass.DensityScale:1.0]]
[2022.03.02-09.45.16:165][  0]LogConfig: Applying CVar settings from Section [ShadingQuality@3] File [C:/nolme/PlayReal/HelloUnreal/Saved/Config/Windows/Scalability.ini]
[2022.03.02-09.45.16:165][  0]LogConfig: Setting CVar [[r.HairStrands.SkyLighting.IntegrationType:2]]
[2022.03.02-09.45.16:165][  0]LogConfig: Setting CVar [[r.HairStrands.SkyAO.SampleCount:4]]
[2022.03.02-09.45.16:165][  0]LogConfig: Setting CVar [[r.HairStrands.Visibility.MSAA.SamplePerPixel:4]]
[2022.03.02-09.45.16:165][  0]LogInit: Selected Device Profile: [Windows]
[2022.03.02-09.45.16:165][  0]LogInit: Applying CVar settings loaded from the selected device profile: [Windows]
[2022.03.02-09.45.16:165][  0]LogHAL: Display: Platform has ~ 16 GB [17028710400 / 17179869184 / 16], which maps to Larger [LargestMinGB=32, LargerMinGB=12, DefaultMinGB=8, SmallerMinGB=6, SmallestMinGB=0)
[2022.03.02-09.45.16:165][  0]LogInit: Going up to parent DeviceProfile []
[2022.03.02-09.45.16:165][  0]LogConfig: Applying CVar settings from Section [ViewDistanceQuality@3] File [C:/nolme/PlayReal/HelloUnreal/Saved/Config/Windows/Scalability.ini]
[2022.03.02-09.45.16:166][  0]LogConfig: Setting CVar [[r.SkeletalMeshLODBias:0]]
[2022.03.02-09.45.16:166][  0]LogConfig: Setting CVar [[r.ViewDistanceScale:1.0]]
[2022.03.02-09.45.16:166][  0]LogConfig: Applying CVar settings from Section [AntiAliasingQuality@3] File [C:/nolme/PlayReal/HelloUnreal/Saved/Config/Windows/Scalability.ini]
[2022.03.02-09.45.16:166][  0]LogConfig: Setting CVar [[r.PostProcessAAQuality:4]]
[2022.03.02-09.45.16:166][  0]LogConfig: Applying CVar settings from Section [ShadowQuality@3] File [C:/nolme/PlayReal/HelloUnreal/Saved/Config/Windows/Scalability.ini]
[2022.03.02-09.45.16:166][  0]LogConfig: Setting CVar [[r.LightFunctionQuality:1]]
[2022.03.02-09.45.16:166][  0]LogConfig: Setting CVar [[r.ShadowQuality:5]]
[2022.03.02-09.45.16:166][  0]LogConfig: Setting CVar [[r.Shadow.CSM.MaxCascades:10]]
[2022.03.02-09.45.16:166][  0]LogConfig: Setting CVar [[r.Shadow.MaxResolution:2048]]
[2022.03.02-09.45.16:166][  0]LogConfig: Setting CVar [[r.Shadow.MaxCSMResolution:2048]]
[2022.03.02-09.45.16:166][  0]LogConfig: Setting CVar [[r.Shadow.RadiusThreshold:0.01]]
[2022.03.02-09.45.16:166][  0]LogConfig: Setting CVar [[r.Shadow.DistanceScale:1.0]]
[2022.03.02-09.45.16:166][  0]LogConfig: Setting CVar [[r.Shadow.CSM.TransitionScale:1.0]]
[2022.03.02-09.45.16:166][  0]LogConfig: Setting CVar [[r.Shadow.PreShadowResolutionFactor:1.0]]
[2022.03.02-09.45.16:166][  0]LogConfig: Setting CVar [[r.DistanceFieldShadowing:1]]
[2022.03.02-09.45.16:166][  0]LogConfig: Setting CVar [[r.DistanceFieldAO:1]]
[2022.03.02-09.45.16:166][  0]LogConfig: Setting CVar [[r.AOQuality:2]]
[2022.03.02-09.45.16:166][  0]LogConfig: Setting CVar [[r.VolumetricFog:1]]
[2022.03.02-09.45.16:166][  0]LogConfig: Setting CVar [[r.VolumetricFog.GridPixelSize:8]]
[2022.03.02-09.45.16:166][  0]LogConfig: Setting CVar [[r.VolumetricFog.GridSizeZ:128]]
[2022.03.02-09.45.16:166][  0]LogConfig: Setting CVar [[r.VolumetricFog.HistoryMissSupersampleCount:4]]
[2022.03.02-09.45.16:166][  0]LogConfig: Setting CVar [[r.LightMaxDrawDistanceScale:1]]
[2022.03.02-09.45.16:166][  0]LogConfig: Setting CVar [[r.CapsuleShadows:1]]
[2022.03.02-09.45.16:166][  0]LogConfig: Applying CVar settings from Section [PostProcessQuality@3] File [C:/nolme/PlayReal/HelloUnreal/Saved/Config/Windows/Scalability.ini]
[2022.03.02-09.45.16:167][  0]LogConfig: Setting CVar [[r.MotionBlurQuality:4]]
[2022.03.02-09.45.16:167][  0]LogConfig: Setting CVar [[r.AmbientOcclusionMipLevelFactor:0.4]]
[2022.03.02-09.45.16:167][  0]LogConfig: Setting CVar [[r.AmbientOcclusionMaxQuality:100]]
[2022.03.02-09.45.16:167][  0]LogConfig: Setting CVar [[r.AmbientOcclusionLevels:-1]]
[2022.03.02-09.45.16:167][  0]LogConfig: Setting CVar [[r.AmbientOcclusionRadiusScale:1.0]]
[2022.03.02-09.45.16:167][  0]LogConfig: Setting CVar [[r.DepthOfFieldQuality:2]]
[2022.03.02-09.45.16:167][  0]LogConfig: Setting CVar [[r.RenderTargetPoolMin:400]]
[2022.03.02-09.45.16:167][  0]LogConfig: Setting CVar [[r.LensFlareQuality:2]]
[2022.03.02-09.45.16:167][  0]LogConfig: Setting CVar [[r.SceneColorFringeQuality:1]]
[2022.03.02-09.45.16:167][  0]LogConfig: Setting CVar [[r.EyeAdaptationQuality:2]]
[2022.03.02-09.45.16:167][  0]LogConfig: Setting CVar [[r.BloomQuality:5]]
[2022.03.02-09.45.16:167][  0]LogConfig: Setting CVar [[r.FastBlurThreshold:100]]
[2022.03.02-09.45.16:167][  0]LogConfig: Setting CVar [[r.Upscale.Quality:3]]
[2022.03.02-09.45.16:167][  0]LogConfig: Setting CVar [[r.Tonemapper.GrainQuantization:1]]
[2022.03.02-09.45.16:167][  0]LogConfig: Setting CVar [[r.LightShaftQuality:1]]
[2022.03.02-09.45.16:167][  0]LogConfig: Setting CVar [[r.Filter.SizeScale:1]]
[2022.03.02-09.45.16:167][  0]LogConfig: Setting CVar [[r.Tonemapper.Quality:5]]
[2022.03.02-09.45.16:167][  0]LogConfig: Setting CVar [[r.DOF.Gather.AccumulatorQuality:1        ; higher gathering accumulator quality]]
[2022.03.02-09.45.16:167][  0]LogConfig: Setting CVar [[r.DOF.Gather.PostfilterMethod:1          ; Median3x3 postfilering method]]
[2022.03.02-09.45.16:167][  0]LogConfig: Setting CVar [[r.DOF.Gather.EnableBokehSettings:0       ; no bokeh simulation when gathering]]
[2022.03.02-09.45.16:167][  0]LogConfig: Setting CVar [[r.DOF.Gather.RingCount:4                 ; medium number of samples when gathering]]
[2022.03.02-09.45.16:167][  0]LogConfig: Setting CVar [[r.DOF.Scatter.ForegroundCompositing:1    ; additive foreground scattering]]
[2022.03.02-09.45.16:167][  0]LogConfig: Setting CVar [[r.DOF.Scatter.BackgroundCompositing:2    ; additive background scattering]]
[2022.03.02-09.45.16:167][  0]LogConfig: Setting CVar [[r.DOF.Scatter.EnableBokehSettings:1      ; bokeh simulation when scattering]]
[2022.03.02-09.45.16:168][  0]LogConfig: Setting CVar [[r.DOF.Scatter.MaxSpriteRatio:0.1         ; only a maximum of 10% of scattered bokeh]]
[2022.03.02-09.45.16:168][  0]LogConfig: Setting CVar [[r.DOF.Recombine.Quality:1                ; cheap slight out of focus]]
[2022.03.02-09.45.16:168][  0]LogConfig: Setting CVar [[r.DOF.Recombine.EnableBokehSettings:0    ; no bokeh simulation on slight out of focus]]
[2022.03.02-09.45.16:168][  0]LogConfig: Setting CVar [[r.DOF.TemporalAAQuality:1                ; more stable temporal accumulation]]
[2022.03.02-09.45.16:168][  0]LogConfig: Setting CVar [[r.DOF.Kernel.MaxForegroundRadius:0.025]]
[2022.03.02-09.45.16:168][  0]LogConfig: Setting CVar [[r.DOF.Kernel.MaxBackgroundRadius:0.025]]
[2022.03.02-09.45.16:168][  0]LogConfig: Applying CVar settings from Section [TextureQuality@3] File [C:/nolme/PlayReal/HelloUnreal/Saved/Config/Windows/Scalability.ini]
[2022.03.02-09.45.16:168][  0]LogConfig: Setting CVar [[r.Streaming.MipBias:0]]
[2022.03.02-09.45.16:168][  0]LogConfig: Setting CVar [[r.Streaming.AmortizeCPUToGPUCopy:0]]
[2022.03.02-09.45.16:168][  0]LogConfig: Setting CVar [[r.Streaming.MaxNumTexturesToStreamPerFrame:0]]
[2022.03.02-09.45.16:168][  0]LogConfig: Setting CVar [[r.Streaming.Boost:1]]
[2022.03.02-09.45.16:168][  0]LogConfig: Setting CVar [[r.MaxAnisotropy:8]]
[2022.03.02-09.45.16:168][  0]LogConfig: Setting CVar [[r.VT.MaxAnisotropy:8]]
[2022.03.02-09.45.16:168][  0]LogConfig: Setting CVar [[r.Streaming.LimitPoolSizeToVRAM:0]]
[2022.03.02-09.45.16:168][  0]LogConfig: Setting CVar [[r.Streaming.PoolSize:1000]]
[2022.03.02-09.45.16:168][  0]LogConfig: Setting CVar [[r.Streaming.MaxEffectiveScreenSize:0]]
[2022.03.02-09.45.16:168][  0]LogConfig: Applying CVar settings from Section [EffectsQuality@3] File [C:/nolme/PlayReal/HelloUnreal/Saved/Config/Windows/Scalability.ini]
[2022.03.02-09.45.16:168][  0]LogConfig: Setting CVar [[r.TranslucencyLightingVolumeDim:64]]
[2022.03.02-09.45.16:168][  0]LogConfig: Setting CVar [[r.RefractionQuality:2]]
[2022.03.02-09.45.16:168][  0]LogConfig: Setting CVar [[r.SSR.Quality:3]]
[2022.03.02-09.45.16:168][  0]LogConfig: Setting CVar [[r.SSR.HalfResSceneColor:0]]
[2022.03.02-09.45.16:168][  0]LogConfig: Setting CVar [[r.SceneColorFormat:4]]
[2022.03.02-09.45.16:168][  0]LogConfig: Setting CVar [[r.DetailMode:2]]
[2022.03.02-09.45.16:168][  0]LogConfig: Setting CVar [[r.TranslucencyVolumeBlur:1]]
[2022.03.02-09.45.16:168][  0]LogConfig: Setting CVar [[r.MaterialQualityLevel:1 ; High quality]]
[2022.03.02-09.45.16:169][  0]LogConfig: Setting CVar [[r.AnisotropicMaterials:1]]
[2022.03.02-09.45.16:169][  0]LogConfig: Setting CVar [[r.SSS.Scale:1]]
[2022.03.02-09.45.16:169][  0]LogConfig: Setting CVar [[r.SSS.SampleSet:2]]
[2022.03.02-09.45.16:169][  0]LogConfig: Setting CVar [[r.SSS.Quality:1]]
[2022.03.02-09.45.16:169][  0]LogConfig: Setting CVar [[r.SSS.HalfRes:0]]
[2022.03.02-09.45.16:169][  0]LogConfig: Setting CVar [[r.SSGI.Quality:3]]
[2022.03.02-09.45.16:169][  0]LogConfig: Setting CVar [[r.EmitterSpawnRateScale:1.0]]
[2022.03.02-09.45.16:169][  0]LogConfig: Setting CVar [[r.ParticleLightQuality:2]]
[2022.03.02-09.45.16:169][  0]LogConfig: Setting CVar [[r.SkyAtmosphere.AerialPerspectiveLUT.FastApplyOnOpaque:1 ; Always have FastSkyLUT 1 in this case to avoid wrong sky]]
[2022.03.02-09.45.16:169][  0]LogConfig: Setting CVar [[r.SkyAtmosphere.AerialPerspectiveLUT.SampleCountMaxPerSlice:4]]
[2022.03.02-09.45.16:169][  0]LogConfig: Setting CVar [[r.SkyAtmosphere.AerialPerspectiveLUT.DepthResolution:16.0]]
[2022.03.02-09.45.16:169][  0]LogConfig: Setting CVar [[r.SkyAtmosphere.FastSkyLUT:1]]
[2022.03.02-09.45.16:169][  0]LogConfig: Setting CVar [[r.SkyAtmosphere.FastSkyLUT.SampleCountMin:4.0]]
[2022.03.02-09.45.16:169][  0]LogConfig: Setting CVar [[r.SkyAtmosphere.FastSkyLUT.SampleCountMax:128.0]]
[2022.03.02-09.45.16:169][  0]LogConfig: Setting CVar [[r.SkyAtmosphere.SampleCountMin:4.0]]
[2022.03.02-09.45.16:169][  0]LogConfig: Setting CVar [[r.SkyAtmosphere.SampleCountMax:128.0]]
[2022.03.02-09.45.16:169][  0]LogConfig: Setting CVar [[r.SkyAtmosphere.TransmittanceLUT.UseSmallFormat:0]]
[2022.03.02-09.45.16:169][  0]LogConfig: Setting CVar [[r.SkyAtmosphere.TransmittanceLUT.SampleCount:10.0]]
[2022.03.02-09.45.16:169][  0]LogConfig: Setting CVar [[r.SkyAtmosphere.MultiScatteringLUT.SampleCount:15.0]]
[2022.03.02-09.45.16:169][  0]LogConfig: Setting CVar [[r.SkyLight.RealTimeReflectionCapture:1]]
[2022.03.02-09.45.16:169][  0]LogConfig: Applying CVar settings from Section [FoliageQuality@3] File [C:/nolme/PlayReal/HelloUnreal/Saved/Config/Windows/Scalability.ini]
[2022.03.02-09.45.16:169][  0]LogConfig: Setting CVar [[foliage.DensityScale:1.0]]
[2022.03.02-09.45.16:169][  0]LogConfig: Setting CVar [[grass.DensityScale:1.0]]
[2022.03.02-09.45.16:169][  0]LogConfig: Applying CVar settings from Section [ShadingQuality@3] File [C:/nolme/PlayReal/HelloUnreal/Saved/Config/Windows/Scalability.ini]
[2022.03.02-09.45.16:169][  0]LogConfig: Setting CVar [[r.HairStrands.SkyLighting.IntegrationType:2]]
[2022.03.02-09.45.16:169][  0]LogConfig: Setting CVar [[r.HairStrands.SkyAO.SampleCount:4]]
[2022.03.02-09.45.16:170][  0]LogConfig: Setting CVar [[r.HairStrands.Visibility.MSAA.SamplePerPixel:4]]
[2022.03.02-09.45.16:170][  0]LogConfig: Applying CVar settings from Section [Startup] File [../../../Engine/Config/ConsoleVariables.ini]
[2022.03.02-09.45.16:170][  0]LogConfig: Setting CVar [[net.UseAdaptiveNetUpdateFrequency:0]]
[2022.03.02-09.45.16:170][  0]LogConfig: Setting CVar [[p.chaos.AllowCreatePhysxBodies:1]]
[2022.03.02-09.45.16:170][  0]LogConfig: Setting CVar [[fx.SkipVectorVMBackendOptimizations:1]]
[2022.03.02-09.45.16:170][  0]LogConfig: Applying CVar settings from Section [ConsoleVariables] File [C:/nolme/PlayReal/HelloUnreal/Saved/Config/Windows/Engine.ini]
[2022.03.02-09.45.16:170][  0]LogConfig: Applying CVar settings from Section [ConsoleVariables] File [C:/nolme/PlayReal/HelloUnreal/Saved/Config/Windows/Editor.ini]
[2022.03.02-09.45.16:170][  0]LogInit: Computer: DESKTOP-VBCTTQG
[2022.03.02-09.45.16:170][  0]LogInit: User: keedo
[2022.03.02-09.45.16:170][  0]LogInit: CPU Page size=4096, Cores=8
[2022.03.02-09.45.16:170][  0]LogInit: High frequency timer resolution =10.000000 MHz
[2022.03.02-09.45.16:170][  0]LogMemory: Memory total: Physical=15.9GB (16GB approx)
[2022.03.02-09.45.16:170][  0]LogMemory: Platform Memory Stats for Windows
[2022.03.02-09.45.16:170][  0]LogMemory: Process Physical Memory: 147.24 MB used, 147.24 MB peak
[2022.03.02-09.45.16:170][  0]LogMemory: Process Virtual Memory: 130.33 MB used, 130.33 MB peak
[2022.03.02-09.45.16:171][  0]LogMemory: Physical Memory: 9273.65 MB used,  6966.19 MB free, 16239.84 MB total
[2022.03.02-09.45.16:171][  0]LogMemory: Virtual Memory: 134213680.00 MB used,  4051.14 MB free, 134217728.00 MB total
[2022.03.02-09.45.16:185][  0]LogWindows: WindowsPlatformFeatures enabled
[2022.03.02-09.45.16:538][  0]LogInit: Physics initialised using underlying interface: PhysX
[2022.03.02-09.45.16:542][  0]LogInit: Overriding language with editor language configuration option (en).
[2022.03.02-09.45.16:543][  0]LogInit: Using OS detected locale (ko-KR).
[2022.03.02-09.45.16:759][  0]LogInit: Setting process to per monitor DPI aware
[2022.03.02-09.45.16:810][  0]LogWindowsTextInputMethodSystem: Display: IME system deactivated.
[2022.03.02-09.45.16:839][  0]LogSlate: New Slate User Created.  User Index 0, Is Virtual User: 0
[2022.03.02-09.45.16:839][  0]LogSlate: Slate User Registered.  User Index 0, Is Virtual User: 0
[2022.03.02-09.45.17:086][  0]LogD3D11RHI: Loaded GFSDK_Aftermath_Lib.x64.dll
[2022.03.02-09.45.17:098][  0]LogHMD: Failed to initialize OpenVR with code 110
[2022.03.02-09.45.17:098][  0]LogD3D11RHI: D3D11 min allowed feature level: 11_0
[2022.03.02-09.45.17:098][  0]LogD3D11RHI: D3D11 max allowed feature level: 11_0
[2022.03.02-09.45.17:098][  0]LogD3D11RHI: D3D11 adapters:
[2022.03.02-09.45.17:292][  0]LogD3D11RHI:    0. 'NVIDIA GeForce RTX 2060' (Feature Level 11_0)
[2022.03.02-09.45.17:292][  0]LogD3D11RHI:       5980/0/8119 MB DedicatedVideo/DedicatedSystem/SharedSystem, Outputs:1, VendorId:0x10de
[2022.03.02-09.45.17:302][  0]LogD3D11RHI:    1. 'Microsoft Basic Render Driver' (Feature Level 11_0)
[2022.03.02-09.45.17:302][  0]LogD3D11RHI:       0/0/8119 MB DedicatedVideo/DedicatedSystem/SharedSystem, Outputs:0, VendorId:0x1414
[2022.03.02-09.45.17:302][  0]LogD3D11RHI: Chosen D3D11 Adapter:
[2022.03.02-09.45.17:302][  0]LogD3D11RHI:     Description : NVIDIA GeForce RTX 2060
[2022.03.02-09.45.17:302][  0]LogD3D11RHI:     VendorId    : 10de
[2022.03.02-09.45.17:302][  0]LogD3D11RHI:     DeviceId    : 1f08
[2022.03.02-09.45.17:302][  0]LogD3D11RHI:     SubSysId    : 80b4144d
[2022.03.02-09.45.17:302][  0]LogD3D11RHI:     Revision    : 00a1
[2022.03.02-09.45.17:302][  0]LogD3D11RHI:     DedicatedVideoMemory : 6270484480 bytes
[2022.03.02-09.45.17:302][  0]LogD3D11RHI:     DedicatedSystemMemory : 0 bytes
[2022.03.02-09.45.17:302][  0]LogD3D11RHI:     SharedSystemMemory : 8514355200 bytes
[2022.03.02-09.45.17:302][  0]LogD3D11RHI:     AdapterLuid : 0 50217
[2022.03.02-09.45.17:308][  0]LogD3D11RHI: Creating new Direct3DDevice
[2022.03.02-09.45.17:309][  0]LogD3D11RHI:     GPU DeviceId: 0x1f08 (for the marketing name, search the web for "GPU Device Id")
[2022.03.02-09.45.17:309][  0]LogWindows: EnumDisplayDevices:
[2022.03.02-09.45.17:309][  0]LogWindows:    0. 'NVIDIA GeForce RTX 2060' (P:1 D:1)
[2022.03.02-09.45.17:310][  0]LogWindows:    1. 'NVIDIA GeForce RTX 2060' (P:0 D:0)
[2022.03.02-09.45.17:311][  0]LogWindows:    2. 'NVIDIA GeForce RTX 2060' (P:0 D:0)
[2022.03.02-09.45.17:311][  0]LogWindows:    3. 'NVIDIA GeForce RTX 2060' (P:0 D:0)
[2022.03.02-09.45.17:312][  0]LogWindows: DebugString: FoundDriverCount:4 
[2022.03.02-09.45.17:312][  0]LogD3D11RHI:     Adapter Name: NVIDIA GeForce RTX 2060
[2022.03.02-09.45.17:312][  0]LogD3D11RHI:   Driver Version: 496.13 (internal:30.0.14.9613, unified:496.13)
[2022.03.02-09.45.17:312][  0]LogD3D11RHI:      Driver Date: 10-6-2021
[2022.03.02-09.45.17:312][  0]LogRHI: Texture pool is 4186 MB (70% of 5980 MB)
[2022.03.02-09.45.17:312][  0]LogD3D11RHI: Creating D3DDevice using adapter:
[2022.03.02-09.45.17:312][  0]LogD3D11RHI:     Description : NVIDIA GeForce RTX 2060
[2022.03.02-09.45.17:312][  0]LogD3D11RHI:     VendorId    : 10de
[2022.03.02-09.45.17:312][  0]LogD3D11RHI:     DeviceId    : 1f08
[2022.03.02-09.45.17:312][  0]LogD3D11RHI:     SubSysId    : 80b4144d
[2022.03.02-09.45.17:312][  0]LogD3D11RHI:     Revision    : 00a1
[2022.03.02-09.45.17:313][  0]LogD3D11RHI:     DedicatedVideoMemory : 6270484480 bytes
[2022.03.02-09.45.17:313][  0]LogD3D11RHI:     DedicatedSystemMemory : 0 bytes
[2022.03.02-09.45.17:313][  0]LogD3D11RHI:     SharedSystemMemory : 8514355200 bytes
[2022.03.02-09.45.17:313][  0]LogD3D11RHI:     AdapterLuid : 0 50217
[2022.03.02-09.45.17:372][  0]LogD3D11RHI: RHI has support for 64 bit atomics
[2022.03.02-09.45.17:373][  0]LogD3D11RHI: Async texture creation enabled
[2022.03.02-09.45.17:373][  0]LogD3D11RHI: Array index from any shader is supported
[2022.03.02-09.45.17:388][  0]LogD3D11RHI: GPU Timing Frequency: 1000.000000 (Debug: 2 1)
[2022.03.02-09.45.17:490][  0]LogRHI: GeForceNow SDK initialized: 1
[2022.03.02-09.45.17:869][  0]LogTargetPlatformManager: Display: Loaded TargetPlatform 'AllDesktop'
[2022.03.02-09.45.17:898][  0]LogTargetPlatformManager: Display: Loaded TargetPlatform 'Android'
[2022.03.02-09.45.17:899][  0]LogTargetPlatformManager: Display: Loaded TargetPlatform 'Android_ASTC'
[2022.03.02-09.45.17:899][  0]LogTargetPlatformManager: Display: Loaded TargetPlatform 'Android_DXT'
[2022.03.02-09.45.17:899][  0]LogTargetPlatformManager: Display: Loaded TargetPlatform 'Android_ETC2'
[2022.03.02-09.45.17:899][  0]LogTargetPlatformManager: Display: Loaded TargetPlatform 'AndroidClient'
[2022.03.02-09.45.17:899][  0]LogTargetPlatformManager: Display: Loaded TargetPlatform 'Android_ASTCClient'
[2022.03.02-09.45.17:899][  0]LogTargetPlatformManager: Display: Loaded TargetPlatform 'Android_DXTClient'
[2022.03.02-09.45.17:899][  0]LogTargetPlatformManager: Display: Loaded TargetPlatform 'Android_ETC2Client'
[2022.03.02-09.45.17:899][  0]LogTargetPlatformManager: Display: Loaded TargetPlatform 'Android_Multi'
[2022.03.02-09.45.17:899][  0]LogTargetPlatformManager: Display: Loaded TargetPlatform 'Android_MultiClient'
[2022.03.02-09.45.17:946][  0]LogTargetPlatformManager: Display: Loaded TargetPlatform 'IOSClient'
[2022.03.02-09.45.17:946][  0]LogTargetPlatformManager: Display: Loaded TargetPlatform 'IOS'
[2022.03.02-09.45.17:964][  0]LogTargetPlatformManager: Display: Loaded TargetPlatform 'Linux'
[2022.03.02-09.45.17:977][  0]LogTargetPlatformManager: Display: Loaded TargetPlatform 'LinuxNoEditor'
[2022.03.02-09.45.17:991][  0]LogTargetPlatformManager: Display: Loaded TargetPlatform 'LinuxClient'
[2022.03.02-09.45.18:004][  0]LogTargetPlatformManager: Display: Loaded TargetPlatform 'LinuxServer'
[2022.03.02-09.45.18:022][  0]LogTargetPlatformManager: Display: Loaded TargetPlatform 'LinuxAArch64NoEditor'
[2022.03.02-09.45.18:035][  0]LogTargetPlatformManager: Display: Loaded TargetPlatform 'LinuxAArch64Client'
[2022.03.02-09.45.18:047][  0]LogTargetPlatformManager: Display: Loaded TargetPlatform 'LinuxAArch64Server'
[2022.03.02-09.45.18:077][  0]LogTargetPlatformManager: Display: Loaded TargetPlatform 'Lumin'
[2022.03.02-09.45.18:077][  0]LogTargetPlatformManager: Display: Loaded TargetPlatform 'LuminClient'
[2022.03.02-09.45.18:098][  0]LogTargetPlatformManager: Display: Loaded TargetPlatform 'MacNoEditor'
[2022.03.02-09.45.18:114][  0]LogTargetPlatformManager: Display: Loaded TargetPlatform 'Mac'
[2022.03.02-09.45.18:130][  0]LogTargetPlatformManager: Display: Loaded TargetPlatform 'MacClient'
[2022.03.02-09.45.18:146][  0]LogTargetPlatformManager: Display: Loaded TargetPlatform 'MacServer'
[2022.03.02-09.45.18:163][  0]LogTargetPlatformManager: Display: Loaded TargetPlatform 'TVOSClient'
[2022.03.02-09.45.18:163][  0]LogTargetPlatformManager: Display: Loaded TargetPlatform 'TVOS'
[2022.03.02-09.45.18:183][  0]LogTargetPlatformManager: Display: Loaded TargetPlatform 'WindowsNoEditor'
[2022.03.02-09.45.18:199][  0]LogTargetPlatformManager: Display: Loaded TargetPlatform 'Windows'
[2022.03.02-09.45.18:215][  0]LogTargetPlatformManager: Display: Loaded TargetPlatform 'WindowsClient'
[2022.03.02-09.45.18:231][  0]LogTargetPlatformManager: Display: Loaded TargetPlatform 'WindowsServer'
[2022.03.02-09.45.18:231][  0]LogTargetPlatformManager: Display: Building Assets For Windows
[2022.03.02-09.45.18:266][  0]LogAudioDebug: Display: Lib vorbis DLL was dynamically loaded.
[2022.03.02-09.45.18:560][  0]LogTextureFormatOodle: Display: Oodle Texture 2.9.0 init RDO Off
[2022.03.02-09.45.19:076][  0]LogRendererCore: Ray tracing is disabled. Reason: r.RayTracing=0.
[2022.03.02-09.45.19:076][  0]LogShaderCompilers: Guid format shader working directory is 1 characters bigger than the processId version (../../../../../../nolme/PlayReal/HelloUnreal/Intermediate/Shaders/WorkingDirectory/18404/).
[2022.03.02-09.45.19:077][  0]LogShaderCompilers: Cleaned the shader compiler working directory 'C:/Users/keedo/AppData/Local/Temp/UnrealShaderWorkingDir/4C22E7C048ADD0DAE1542B91C03C6AA1/'.
[2022.03.02-09.45.19:077][  0]LogXGEController: Cannot use XGE Controller as Incredibuild is not installed on this machine.
[2022.03.02-09.45.19:077][  0]LogShaderCompilers: Cannot use XGE Shader Compiler as Incredibuild is not installed on this machine.
[2022.03.02-09.45.19:077][  0]LogShaderCompilers: Display: Using Local Shader Compiler.
[2022.03.02-09.45.20:425][  0]LogDerivedDataCache: Display: Max Cache Size: 512 MB
[2022.03.02-09.45.20:494][  0]LogDerivedDataCache: Loaded boot cache 0.07s 103MB C:/Users/keedo/AppData/Local/UnrealEngine/4.27/DerivedDataCache/Boot.ddc.
[2022.03.02-09.45.20:494][  0]LogDerivedDataCache: Display: Loaded Boot cache: C:/Users/keedo/AppData/Local/UnrealEngine/4.27/DerivedDataCache/Boot.ddc
[2022.03.02-09.45.20:495][  0]LogDerivedDataCache: FDerivedDataBackendGraph:  Pak pak cache file ../../../../../../nolme/PlayReal/HelloUnreal/DerivedDataCache/DDC.ddp not found, will not use a pak cache.
[2022.03.02-09.45.20:495][  0]LogDerivedDataCache: Unable to find inner node Pak for hierarchical cache Hierarchy.
[2022.03.02-09.45.20:495][  0]LogDerivedDataCache: FDerivedDataBackendGraph:  CompressedPak pak cache file ../../../../../../nolme/PlayReal/HelloUnreal/DerivedDataCache/Compressed.ddp not found, will not use a pak cache.
[2022.03.02-09.45.20:495][  0]LogDerivedDataCache: Unable to find inner node CompressedPak for hierarchical cache Hierarchy.
[2022.03.02-09.45.20:510][  0]LogDerivedDataCache: Display: Pak cache opened for reading ../../../Engine/DerivedDataCache/Compressed.ddp.
[2022.03.02-09.45.20:510][  0]LogDerivedDataCache: FDerivedDataBackendGraph:  EnterprisePak pak cache file ../../../Enterprise/DerivedDataCache/Compressed.ddp not found, will not use a pak cache.
[2022.03.02-09.45.20:510][  0]LogDerivedDataCache: Unable to find inner node EnterprisePak for hierarchical cache Hierarchy.
[2022.03.02-09.45.20:523][  0]LogDerivedDataCache: Speed tests for C:/Users/keedo/AppData/Local/UnrealEngine/Common/DerivedDataCache took 0.01 seconds
[2022.03.02-09.45.20:523][  0]LogDerivedDataCache: Display: Performance to C:/Users/keedo/AppData/Local/UnrealEngine/Common/DerivedDataCache: Latency=0.08ms. RandomReadSpeed=141.66MBs, RandomWriteSpeed=183.53MBs. Assigned SpeedClass 'Local'
[2022.03.02-09.45.20:524][  0]LogDerivedDataCache: Using Local data cache path C:/Users/keedo/AppData/Local/UnrealEngine/Common/DerivedDataCache: Writable
[2022.03.02-09.45.20:524][  0]LogDerivedDataCache: Shared data cache path not found in *engine.ini, will not use an Shared cache.
[2022.03.02-09.45.20:525][  0]LogDerivedDataCache: Unable to find inner node Shared for hierarchical cache Hierarchy.
[2022.03.02-09.45.20:561][  0]LogSlate: Using FreeType 2.10.0
[2022.03.02-09.45.20:562][  0]LogSlate: SlateFontServices - WITH_FREETYPE: 1, WITH_HARFBUZZ: 1
[2022.03.02-09.45.20:595][  0]LogAssetRegistry: FAssetRegistry took 0.0039 seconds to start up
[2022.03.02-09.45.20:793][  0]LogInit: Selected Device Profile: [Windows]
[2022.03.02-09.45.20:794][  0]LogInit: Active device profile: [000002D4855BCB00][000002D4FF846BC0 49] Windows
[2022.03.02-09.45.20:794][  0]LogInit: Profiles: [000002D4855BCB00][000002D4FF846BC0 49] Windows, [000002D485589B00][000002D485192D40 49] WindowsNoEditor, [000002D4855BD900][000002D485196EC0 49] WindowsServer, [000002D48558A800][000002D48519B040 49] WindowsClient, [000002D4855BFC00][000002D48519F1C0 49] IOS, [000002D48558BC00][000002D4851A3340 49] iPadAir, [000002D4855BFE00][000002D4851A74C0 49] iPadAir2, [000002D48553CC00][000002D4851AF780 49] IPadPro, [000002D48553CD00][000002D4851AB7C0 49] iPadAir3, [000002D48558B500][000002D4851B3940 49] iPadAir4, [000002D48553F600][000002D4851B7AC0 49] iPadMini2, [000002D48558AC00][000002D4851BA0C0 49] iPadMini3, [000002D48553F800][000002D4851BE240 49] iPadMini4, [000002D48558B200][000002D4851C23C0 49] iPadMini5, [000002D485560600][000002D4FF84A640 49] iPhone6, [000002D485560700][000002D4851C6680 49] iPodTouch6, [000002D4855BE900][000002D4851CE8C0 49] iPhone7, [000002D4855BE800][000002D4851CA900 49] iPodTouch7, [000002D485560100][000002D4851D6A80 49] iPhone5S, [000002D48553C700][000002D4851DAC00 49] iPhone6Plus, [000002D485562500][000002D4851DED80 49] iPhone6S, [000002D48553D300][000002D4851E2F00 49] iPhone6SPlus, [000002D485563B00][000002D4851E7080 49] iPhone7Plus, [000002D48553F500][000002D4851EB200 49] iPhoneSE, [000002D4855BE600][000002D4851EF380 49] iPhone8, [000002D48553C600][000002D4851F3500 49] iPhone8Plus, [000002D4855BE200][000002D4851F7680 49] iPhoneX, [000002D48553F300][000002D4851FB800 49] iPhoneXS, [000002D4855BF400][000002D4851FF980 49] iPhoneXSMax, [000002D48553ED00][000002D485203B00 49] iPhoneXR, [000002D4855BC200][000002D485206100 49] iPhone11, [000002D48553DE00][000002D48520A280 49] iPhone11Pro, [000002D4855BEA00][000002D486220400 49] iPhone11ProMax, [000002D48553F700][000002D486224580 49] iPhoneSE2, [000002D4855BCD00][000002D486228700 49] iPhone12Mini, [000002D48553DF00][000002D4851D2840 49] iPhone12, [000002D4855BC700][000002D48622C980 49] iPhone12Pro, [000002D48553D400][000002D486230AC0 49] iPhone12ProMax, [000002D4855BCC00][000002D486238C40 49] iPadPro105, [000002D48553D700][000002D48623CDC0 49] iPadPro129, [000002D4855BC100][000002D486240F40 49] iPadPro97, [000002D48553FC00][000002D4862450C0 49] iPadPro2_129, [000002D4855BC800][000002D486249240 49] iPad5, [000002D48553F100][000002D48624D3C0 49] iPad6, [000002D4855BC500][000002D486251540 49] iPad7, [000002D48553E800][000002D4862556C0 49] iPad8, [000002D4855BD500][000002D486259840 49] iPadPro11, [000002D48553D500][000002D48625D9C0 49] iPadPro2_11, [000002D4855BCF00][000002D486261B40 49] iPadPro3_129, [000002D48553EC00][000002D486264140 49] iPadPro4_129, [000002D4855BE500][000002D4862682C0 49] AppleTV, [000002D48553D100][000002D48626C440 49] AppleTV4K, [000002D4855BC400][000002D4862705C0 49] TVOS, [000002D48553E600][000002D486274740 49] Mac, [000002D4855BFD00][000002D4862788C0 49] MacClient, [000002D48553D800][000002D486234A00 49] MacNoEditor, [000002D4855BF100][000002D48627CB40 49] MacServer, [000002D48553F900][000002D486280C80 49] Linux, [000002D4855BC900][000002D486284DC0 49] LinuxAArch64, [000002D48553FF00][000002D48628CF40 49] LinuxNoEditor, [000002D4855BDB00][000002D4862910C0 49] LinuxAArch64NoEditor, [000002D48553F400][000002D486295240 49] LinuxClient, [000002D4855BDC00][000002D4862993C0 49] LinuxAArch64Client, [000002D48553DD00][000002D48629D540 49] LinuxServer, [000002D4855BEF00][000002D4862A16C0 49] LinuxAArch64Server, [000002D48553C500][000002D4862A5840 49] Android, [000002D4855BDE00][000002D4862A99C0 49] Android_Low, [000002D48553F000][000002D4862ADB40 49] Android_Mid, [000002D4855BE400][000002D4862B0140 49] Android_High, [000002D48553C800][000002D4862B42C0 49] Android_Default, [000002D4855BF200][000002D4862B8440 49] Android_Adreno4xx, [000002D485589E00][000002D4862BC5C0 49] Android_Adreno5xx_Low, [000002D485561C00][000002D4862C0740 49] Android_Adreno5xx, [000002D48558B700][000002D4862C48C0 49] Android_Adreno6xx, [000002D485562B00][000002D4862C8A40 49] Android_Adreno6xx_Vulkan, [000002D48558B800][000002D486288B80 49] Android_Mali_T6xx, [000002D485560F00][000002D4862CCCC0 49] Android_Mali_T7xx, [000002D485588D00][000002D4862D0E00 49] Android_Mali_T8xx, [000002D485561F00][000002D4862D4F40 49] Android_Mali_G71, [000002D485589600][000002D4862DD0C0 49] Android_Mali_G72, [000002D485562400][000002D4862E1240 49] Android_Mali_G72_Vulkan, [000002D48558B000][000002D4862E53C0 49] Android_Mali_G76, [000002D485562100][000002D4862E9540 49] Android_Mali_G76_Vulkan, [000002D485589500][000002D4862ED6C0 49] Android_Mali_G77, [000002D485560A00][000002D4862F1840 49] Android_Mali_G77_Vulkan, [000002D48558AE00][000002D4862F59C0 49] Android_Mali_G78, [000002D485561300][000002D4862F9B40 49] Android_Mali_G78_Vulkan, [000002D48558A300][000002D4862FC140 49] Android_Mali_G710, [000002D485563D00][000002D4863002C0 49] Android_Mali_G710_Vulkan, [000002D485589800][000002D486304440 49] Android_Vulkan_SM5, [000002D485560900][000002D4863085C0 49] Android_PowerVR_G6xxx, [000002D485589900][000002D48630C740 49] Android_PowerVR_GT7xxx, [000002D485562700][000002D4863108C0 49] Android_PowerVR_GE8xxx, [000002D485589D00][000002D486314A40 49] Android_PowerVR_GM9xxx, [000002D485563200][000002D486318BC0 49] Android_PowerVR_GM9xxx_Vulkan, [000002D48558AA00][000002D48631CD40 49] Android_TegraK1, [000002D485561700][000002D4862D8E80 49] Android_Unknown_Vulkan, [000002D48558B100][000002D486320FC0 49] Lumin, [000002D485560200][000002D486325100 49] Lumin_Desktop, [000002D485589C00][000002D48632D280 49] HoloLens, 
[2022.03.02-09.45.21:021][  0]LogMeshReduction: Using QuadricMeshReduction for automatic static mesh reduction
[2022.03.02-09.45.21:021][  0]LogMeshReduction: Using SimplygonMeshReduction for automatic skeletal mesh reduction
[2022.03.02-09.45.21:021][  0]LogMeshReduction: Using ProxyLODMeshReduction for automatic mesh merging
[2022.03.02-09.45.21:021][  0]LogMeshReduction: No distributed automatic mesh merging module available
[2022.03.02-09.45.21:021][  0]LogMeshMerging: No distributed automatic mesh merging module available
[2022.03.02-09.45.21:050][  0]LogNetVersion: HelloUnreal 1.0.0, NetCL: 17155196, EngineNetVer: 17, GameNetVer: 0 (Checksum: 3489999477)
[2022.03.02-09.45.21:460][  0]LogTexture: Default maximum texture size for cubemaps generated from long-lat sources has been changed from 512 to unlimited. In order to preserve old behaiour for '/Engine/MapTemplates/Sky/DaylightAmbientCubemap.DaylightAmbientCubemap', its maximum texture size has been explicitly set to 512.
[2022.03.02-09.45.21:517][  0]LogHMD: PokeAHoleMaterial loaded successfully
[2022.03.02-09.45.21:521][  0]LogUObjectArray: 17178 objects as part of root set at end of initial load.
[2022.03.02-09.45.21:521][  0]LogUObjectAllocator: 4302048 out of 0 bytes used by permanent object pool.
[2022.03.02-09.45.21:521][  0]LogUObjectArray: CloseDisregardForGC: 0/0 objects in disregard for GC pool
[2022.03.02-09.45.22:163][  0]LogNiagaraDebuggerClient: Niagara Debugger Client Initialized | Session: 192B2E1A467310523F4B75BFB4464F0A | Instance: 58836BE1411E6DA79BC8ED8269BEB107 (DESKTOP-VBCTTQG-18404).
[2022.03.02-09.45.22:810][  0]LogPython: Using Python 3.7.7
[2022.03.02-09.45.23:319][  0]LogTcpMessaging: Initializing TcpMessaging bridge
[2022.03.02-09.45.23:354][  0]LogUdpMessaging: Initializing bridge on interface 0.0.0.0:0 to multicast group 230.0.0.1:6666.
[2022.03.02-09.45.24:278][  0]SourceControl: Source control is disabled
[2022.03.02-09.45.24:279][  0]SourceControl: Source control is disabled
[2022.03.02-09.45.24:316][  0]SourceControl: Source control is disabled
[2022.03.02-09.45.24:333][  0]SourceControl: Source control is disabled
[2022.03.02-09.45.24:459][  0]SourceControl: Source control is disabled
[2022.03.02-09.45.24:738][  0]LogUProjectInfo: Found projects:
[2022.03.02-09.45.25:155][  0]LogOpenImageDenoise: OIDN starting up
[2022.03.02-09.45.25:258][  0]LogAndroidPermission: UAndroidPermissionCallbackProxy::GetInstance
[2022.03.02-09.45.25:357][  0]LogAudioCaptureCore: Display: No Audio Capture implementations found. Audio input will be silent.
[2022.03.02-09.45.25:357][  0]LogAudioCaptureCore: Display: No Audio Capture implementations found. Audio input will be silent.
[2022.03.02-09.45.25:685][  0]LogCollectionManager: Loaded 0 collections in 0.001852 seconds
[2022.03.02-09.45.25:755][  0]LogFileCache: Scanning file cache for directory 'C:/nolme/PlayReal/HelloUnreal/Saved/Collections/' took 0.00s
[2022.03.02-09.45.25:755][  0]LogFileCache: Scanning file cache for directory 'C:/nolme/PlayReal/HelloUnreal/Content/Developers/keedo/Collections/' took 0.00s
[2022.03.02-09.45.25:755][  0]LogFileCache: Scanning file cache for directory 'C:/nolme/PlayReal/HelloUnreal/Content/Collections/' took 0.00s
[2022.03.02-09.45.25:755][  0]LogOcInput: OculusInput pre-init called
[2022.03.02-09.45.26:103][  0]LogEngine: Initializing Engine...
[2022.03.02-09.45.26:107][  0]LogHMD: Failed to enumerate extensions. Please check that you have a valid OpenXR runtime installed.
[2022.03.02-09.45.26:108][  0]LogHMD: Failed to initialize OpenVR with code 110
[2022.03.02-09.45.26:108][  0]LogMagicLeap: Warning: VR disabled because ZI is not enabled.  To enable, in the editor, Edit -> Project Settings -> Plugins -> Magic Leap Plugin -> Enable Zero Iteration
[2022.03.02-09.45.26:108][  0]LogStats: UGameplayTagsManager::InitializeManager -  0.000 s
[2022.03.02-09.45.26:279][  0]LogInit: Initializing FReadOnlyCVARCache
[2022.03.02-09.45.26:299][  0]LogAIModule: Creating AISystem for world Untitled
[2022.03.02-09.45.26:300][  0]LogAudio: Display: Initializing Audio Device Manager...
[2022.03.02-09.45.26:315][  0]LogAudio: Display: Loading Default Audio Settings Objects...
[2022.03.02-09.45.26:315][  0]LogAudio: Display: No default SoundConcurrencyObject specified (or failed to load).
[2022.03.02-09.45.26:316][  0]LogAudio: Display: Audio Device Manager Initialized
[2022.03.02-09.45.26:316][  0]LogAudio: Display: Creating Audio Device:                 Id: 1, Scope: Shared, Realtime: True
[2022.03.02-09.45.26:316][  0]LogAudioMixer: Display: Audio Mixer Platform Settings:
[2022.03.02-09.45.26:316][  0]LogAudioMixer: Display: 	Sample Rate:						  48000
[2022.03.02-09.45.26:316][  0]LogAudioMixer: Display: 	Callback Buffer Frame Size Requested: 1024
[2022.03.02-09.45.26:316][  0]LogAudioMixer: Display: 	Callback Buffer Frame Size To Use:	  1024
[2022.03.02-09.45.26:316][  0]LogAudioMixer: Display: 	Number of buffers to queue:			  2
[2022.03.02-09.45.26:316][  0]LogAudioMixer: Display: 	Max Channels (voices):				  32
[2022.03.02-09.45.26:316][  0]LogAudioMixer: Display: 	Number of Async Source Workers:		  0
[2022.03.02-09.45.26:316][  0]LogAudio: Display: AudioDevice MaxSources: 32
[2022.03.02-09.45.26:317][  0]LogAudio: Display: Audio Spatialization Plugin: None (built-in).
[2022.03.02-09.45.26:317][  0]LogAudio: Display: Audio Reverb Plugin: None (built-in).
[2022.03.02-09.45.26:317][  0]LogAudio: Display: Audio Occlusion Plugin: None (built-in).
[2022.03.02-09.45.26:317][  0]LogAudioMixer: Display: Initializing audio mixer.
[2022.03.02-09.45.26:364][  0]LogAudioMixer: Display: 0: FrontLeft
[2022.03.02-09.45.26:365][  0]LogAudioMixer: Display: 1: FrontRight
[2022.03.02-09.45.26:448][  0]LogAudioMixer: Display: Using Audio Device 스피커(Realtek(R) Audio)
[2022.03.02-09.45.26:448][  0]LogAudioMixer: Display: Initializing Sound Submixes...
[2022.03.02-09.45.26:452][  0]LogAudioMixer: Display: Creating Master Submix 'MasterSubmixDefault'
[2022.03.02-09.45.26:452][  0]LogAudioMixer: Display: Creating Master Submix 'MasterReverbSubmixDefault'
[2022.03.02-09.45.26:453][  0]LogAudioMixer: Display: Creating Master Submix 'MasterEQSubmixDefault'
[2022.03.02-09.45.26:453][  0]LogAudioMixer: FMixerPlatformXAudio2::StartAudioStream() called
[2022.03.02-09.45.26:453][  0]LogAudioMixer: Display: Output buffers initialized: Frames=1024, Channels=2, Samples=2048
[2022.03.02-09.45.26:454][  0]LogAudioMixer: Display: Starting AudioMixerPlatformInterface::RunInternal()
[2022.03.02-09.45.26:455][  0]LogAudioMixer: Display: FMixerPlatformXAudio2::SubmitBuffer() called for the first time
[2022.03.02-09.45.26:455][  0]LogInit: FAudioDevice initialized.
[2022.03.02-09.45.26:455][  0]LogAudio: Display: Audio Device (ID: 1) registered with world 'Untitled'.
[2022.03.02-09.45.26:455][  0]LogNetVersion: Set ProjectVersion to 1.0.0.0. Version Checksum will be recalculated on next use.
[2022.03.02-09.45.26:665][  0]LogDerivedDataCache: Saved boot cache 0.21s 103MB C:/Users/keedo/AppData/Local/UnrealEngine/4.27/DerivedDataCache/Boot.ddc.
[2022.03.02-09.45.26:665][  0]LogInit: Texture streaming: Enabled
[2022.03.02-09.45.26:714][  0]LogAnalytics: Display: [UEEditor.Rocket.Release] APIServer = https://datarouter.ol.epicgames.com/. AppVersion = 4.27.2-18319896+++UE4+Release-4.27
[2022.03.02-09.45.26:730][  0]LogEngineSessionManager: EngineSessionManager initialized
[2022.03.02-09.45.26:730][  0]LogEditorSessionSummary: Verbose: Initializing EditorSessionSummaryWriter for editor session tracking
[2022.03.02-09.45.26:743][  0]LogEditorSessionSummary: EditorSessionSummaryWriter initialized
[2022.03.02-09.45.26:791][  0]LogInit: Transaction tracking system initialized
[2022.03.02-09.45.26:895][  0]BlueprintLog: New page: Editor Load
[2022.03.02-09.45.27:259][  0]LocalizationService: Localization service is disabled
[2022.03.02-09.45.27:375][  0]TimingProfiler: Initialize
[2022.03.02-09.45.27:376][  0]TimingProfiler: OnSessionChanged
[2022.03.02-09.45.27:376][  0]LoadingProfiler: Initialize
[2022.03.02-09.45.27:376][  0]LoadingProfiler: OnSessionChanged
[2022.03.02-09.45.27:376][  0]NetworkingProfiler: Initialize
[2022.03.02-09.45.27:376][  0]NetworkingProfiler: OnSessionChanged
[2022.03.02-09.45.27:376][  0]MemoryProfiler: Initialize
[2022.03.02-09.45.27:376][  0]MemoryProfiler: OnSessionChanged
[2022.03.02-09.45.27:664][  0]LogCook: Display: CookSettings for Memory: MemoryMaxUsedVirtual 0MiB, MemoryMaxUsedPhysical 16384MiB, MemoryMinFreeVirtual 0MiB, MemoryMinFreePhysical 1024MiB
[2022.03.02-09.45.27:664][  0]LogCook: Display: Mobile HDR setting 1
[2022.03.02-09.45.27:890][  0]LogFileCache: Scanning file cache for directory 'C:/nolme/PlayReal/HelloUnreal/Content/' took 0.01s
[2022.03.02-09.45.28:492][  0]LogInit: Display: Engine is initialized. Leaving FEngineLoop::Init()
[2022.03.02-09.45.28:500][  0]SourceControl: Source control is disabled
[2022.03.02-09.45.28:501][  0]LogUnrealEdMisc: Loading editor; pre map load, took 14.620
[2022.03.02-09.45.28:501][  0]Cmd: MAP LOAD FILE="../../../../../../nolme/PlayReal/HelloUnreal/Content/TopDownCPP/Maps/TopDownExampleMap.umap" TEMPLATE=0 SHOWPROGRESS=1 FEATURELEVEL=3
[2022.03.02-09.45.28:501][  0]LightingResults: New page: Lighting Build
[2022.03.02-09.45.28:503][  0]LogWorld: UWorld::CleanupWorld for Untitled, bSessionEnded=true, bCleanupResources=true
[2022.03.02-09.45.28:503][  0]LogSlate: InvalidateAllWidgets triggered.  All widgets were invalidated
[2022.03.02-09.45.28:503][  0]MapCheck: New page: Map Check
[2022.03.02-09.45.28:503][  0]LightingResults: New page: Lighting Build
[2022.03.02-09.45.28:516][  0]LogAudio: Display: Audio Device unregistered from world 'None'.
[2022.03.02-09.45.28:520][  0]LogUObjectHash: Compacting FUObjectHashTables data took   0.71ms
[2022.03.02-09.45.28:564][  0]LogTexture: Display: Building textures: DeprecatedTexture1C2275DB4506BBF8D9D185B8BB421FE1 (BGRA8, 128X128)
[2022.03.02-09.45.28:567][  0]LogAudio: Display: Audio Device (ID: 1) registered with world 'TopDownExampleMap'.
[2022.03.02-09.45.28:568][  0]LogAIModule: Creating AISystem for world TopDownExampleMap
[2022.03.02-09.45.28:572][  0]LogEditorServer: Finished looking for orphan Actors (0.000 secs)
[2022.03.02-09.45.28:581][  0]LogUObjectHash: Compacting FUObjectHashTables data took   0.67ms
[2022.03.02-09.45.28:581][  0]Cmd: MAP CHECKDEP NOCLEARLOG
[2022.03.02-09.45.28:581][  0]MapCheck: Map check complete: 0 Error(s), 0 Warning(s), took 0.185ms to complete.
[2022.03.02-09.45.28:581][  0]LogFileHelpers: Loading map 'TopDownExampleMap' took 0.081
[2022.03.02-09.45.28:584][  0]LogUnrealEdMisc: Total Editor Startup Time, took 14.703
[2022.03.02-09.45.28:735][  0]LogSlate: Updating window title bar state: overlay mode, drag disabled, window buttons hidden, title bar hidden
[2022.03.02-09.45.28:741][  0]LogSlate: Updating window title bar state: overlay mode, drag disabled, window buttons hidden, title bar hidden
[2022.03.02-09.45.28:746][  0]LogSlate: Updating window title bar state: overlay mode, drag disabled, window buttons hidden, title bar hidden
[2022.03.02-09.45.28:751][  0]LogSlate: Updating window title bar state: overlay mode, drag disabled, window buttons hidden, title bar hidden
[2022.03.02-09.45.28:766][  0]LogNativeClassHierarchy: Verbose: Native class hierarchy populated in 0.0084 seconds. Added 3825 classes and 930 folders.
[2022.03.02-09.45.28:768][  0]LogNativeClassHierarchy: Verbose: Native class hierarchy updated for 'WidgetCarousel' in 0.0002 seconds. Added 0 classes and 0 folders.
[2022.03.02-09.45.28:770][  0]LogPakFile: PakFile PrimaryIndexSize=187
[2022.03.02-09.45.28:770][  0]LogPakFile: PakFile PathHashIndexSize=101
[2022.03.02-09.45.28:770][  0]LogPakFile: PakFile FullDirectoryIndexSize=148
[2022.03.02-09.45.28:770][  0]LogShaderLibrary: Display: ShaderCodeLibraryPakFileMountedCallback: PakFile 'C:/Program Files/Epic Games/UE_4.27/FeaturePacks/FP_FirstPerson.upack' (chunk index -1, root 'root:/') mounted
[2022.03.02-09.45.28:770][  0]LogShaderLibrary: Display: ShaderCodeLibraryPakFileMountedCallback: pending pak file info (ChunkID:-1 Root:root:/ File:C:/Program Files/Epic Games/UE_4.27/FeaturePacks/FP_FirstPerson.upack)
[2022.03.02-09.45.28:770][  0]LogPakFile: OnPakFileMounted2Time == 0.000206
[2022.03.02-09.45.28:771][  0]LogPakFile: PakFile PrimaryIndexSize=189
[2022.03.02-09.45.28:771][  0]LogPakFile: PakFile PathHashIndexSize=101
[2022.03.02-09.45.28:771][  0]LogPakFile: PakFile FullDirectoryIndexSize=152
[2022.03.02-09.45.28:771][  0]LogShaderLibrary: Display: ShaderCodeLibraryPakFileMountedCallback: PakFile 'C:/Program Files/Epic Games/UE_4.27/FeaturePacks/FP_FirstPersonBP.upack' (chunk index -1, root 'root:/') mounted
[2022.03.02-09.45.28:771][  0]LogShaderLibrary: Display: ShaderCodeLibraryPakFileMountedCallback: pending pak file info (ChunkID:-1 Root:root:/ File:C:/Program Files/Epic Games/UE_4.27/FeaturePacks/FP_FirstPersonBP.upack)
[2022.03.02-09.45.28:771][  0]LogPakFile: OnPakFileMounted2Time == 0.000159
[2022.03.02-09.45.28:772][  0]LogPakFile: PakFile PrimaryIndexSize=191
[2022.03.02-09.45.28:772][  0]LogPakFile: PakFile PathHashIndexSize=101
[2022.03.02-09.45.28:772][  0]LogPakFile: PakFile FullDirectoryIndexSize=160
[2022.03.02-09.45.28:772][  0]LogShaderLibrary: Display: ShaderCodeLibraryPakFileMountedCallback: PakFile 'C:/Program Files/Epic Games/UE_4.27/FeaturePacks/MobileStarterContent.upack' (chunk index -1, root 'root:/') mounted
[2022.03.02-09.45.28:772][  0]LogShaderLibrary: Display: ShaderCodeLibraryPakFileMountedCallback: pending pak file info (ChunkID:-1 Root:root:/ File:C:/Program Files/Epic Games/UE_4.27/FeaturePacks/MobileStarterContent.upack)
[2022.03.02-09.45.28:773][  0]LogPakFile: OnPakFileMounted2Time == 0.000131
[2022.03.02-09.45.28:773][  0]LogPakFile: PakFile PrimaryIndexSize=185
[2022.03.02-09.45.28:773][  0]LogPakFile: PakFile PathHashIndexSize=101
[2022.03.02-09.45.28:773][  0]LogPakFile: PakFile FullDirectoryIndexSize=148
[2022.03.02-09.45.28:773][  0]LogShaderLibrary: Display: ShaderCodeLibraryPakFileMountedCallback: PakFile 'C:/Program Files/Epic Games/UE_4.27/FeaturePacks/StarterContent.upack' (chunk index -1, root 'root:/') mounted
[2022.03.02-09.45.28:773][  0]LogShaderLibrary: Display: ShaderCodeLibraryPakFileMountedCallback: pending pak file info (ChunkID:-1 Root:root:/ File:C:/Program Files/Epic Games/UE_4.27/FeaturePacks/StarterContent.upack)
[2022.03.02-09.45.28:773][  0]LogPakFile: OnPakFileMounted2Time == 0.000153
[2022.03.02-09.45.28:774][  0]LogPakFile: PakFile PrimaryIndexSize=190
[2022.03.02-09.45.28:774][  0]LogPakFile: PakFile PathHashIndexSize=101
[2022.03.02-09.45.28:774][  0]LogPakFile: PakFile FullDirectoryIndexSize=154
[2022.03.02-09.45.28:774][  0]LogShaderLibrary: Display: ShaderCodeLibraryPakFileMountedCallback: PakFile 'C:/Program Files/Epic Games/UE_4.27/FeaturePacks/TP_2DSideScroller.upack' (chunk index -1, root 'root:/') mounted
[2022.03.02-09.45.28:774][  0]LogShaderLibrary: Display: ShaderCodeLibraryPakFileMountedCallback: pending pak file info (ChunkID:-1 Root:root:/ File:C:/Program Files/Epic Games/UE_4.27/FeaturePacks/TP_2DSideScroller.upack)
[2022.03.02-09.45.28:774][  0]LogPakFile: OnPakFileMounted2Time == 0.000119
[2022.03.02-09.45.28:775][  0]LogPakFile: PakFile PrimaryIndexSize=192
[2022.03.02-09.45.28:775][  0]LogPakFile: PakFile PathHashIndexSize=101
[2022.03.02-09.45.28:775][  0]LogPakFile: PakFile FullDirectoryIndexSize=158
[2022.03.02-09.45.28:775][  0]LogShaderLibrary: Display: ShaderCodeLibraryPakFileMountedCallback: PakFile 'C:/Program Files/Epic Games/UE_4.27/FeaturePacks/TP_2DSideScrollerBP.upack' (chunk index -1, root 'root:/') mounted
[2022.03.02-09.45.28:775][  0]LogShaderLibrary: Display: ShaderCodeLibraryPakFileMountedCallback: pending pak file info (ChunkID:-1 Root:root:/ File:C:/Program Files/Epic Games/UE_4.27/FeaturePacks/TP_2DSideScrollerBP.upack)
[2022.03.02-09.45.28:775][  0]LogPakFile: OnPakFileMounted2Time == 0.000103
[2022.03.02-09.45.28:776][  0]LogPakFile: PakFile PrimaryIndexSize=182
[2022.03.02-09.45.28:776][  0]LogPakFile: PakFile PathHashIndexSize=101
[2022.03.02-09.45.28:776][  0]LogPakFile: PakFile FullDirectoryIndexSize=138
[2022.03.02-09.45.28:776][  0]LogShaderLibrary: Display: ShaderCodeLibraryPakFileMountedCallback: PakFile 'C:/Program Files/Epic Games/UE_4.27/FeaturePacks/TP_Flying.upack' (chunk index -1, root 'root:/') mounted
[2022.03.02-09.45.28:776][  0]LogShaderLibrary: Display: ShaderCodeLibraryPakFileMountedCallback: pending pak file info (ChunkID:-1 Root:root:/ File:C:/Program Files/Epic Games/UE_4.27/FeaturePacks/TP_Flying.upack)
[2022.03.02-09.45.28:776][  0]LogPakFile: OnPakFileMounted2Time == 0.000103
[2022.03.02-09.45.28:776][  0]LogPakFile: PakFile PrimaryIndexSize=184
[2022.03.02-09.45.28:776][  0]LogPakFile: PakFile PathHashIndexSize=101
[2022.03.02-09.45.28:777][  0]LogPakFile: PakFile FullDirectoryIndexSize=142
[2022.03.02-09.45.28:777][  0]LogShaderLibrary: Display: ShaderCodeLibraryPakFileMountedCallback: PakFile 'C:/Program Files/Epic Games/UE_4.27/FeaturePacks/TP_FlyingBP.upack' (chunk index -1, root 'root:/') mounted
[2022.03.02-09.45.28:777][  0]LogShaderLibrary: Display: ShaderCodeLibraryPakFileMountedCallback: pending pak file info (ChunkID:-1 Root:root:/ File:C:/Program Files/Epic Games/UE_4.27/FeaturePacks/TP_FlyingBP.upack)
[2022.03.02-09.45.28:777][  0]LogPakFile: OnPakFileMounted2Time == 0.000102
[2022.03.02-09.45.28:777][  0]LogPakFile: PakFile PrimaryIndexSize=188
[2022.03.02-09.45.28:777][  0]LogPakFile: PakFile PathHashIndexSize=101
[2022.03.02-09.45.28:777][  0]LogPakFile: PakFile FullDirectoryIndexSize=150
[2022.03.02-09.45.28:777][  0]LogShaderLibrary: Display: ShaderCodeLibraryPakFileMountedCallback: PakFile 'C:/Program Files/Epic Games/UE_4.27/FeaturePacks/TP_HandheldARBP.upack' (chunk index -1, root 'root:/') mounted
[2022.03.02-09.45.28:777][  0]LogShaderLibrary: Display: ShaderCodeLibraryPakFileMountedCallback: pending pak file info (ChunkID:-1 Root:root:/ File:C:/Program Files/Epic Games/UE_4.27/FeaturePacks/TP_HandheldARBP.upack)
[2022.03.02-09.45.28:777][  0]LogPakFile: OnPakFileMounted2Time == 0.000108
[2022.03.02-09.45.28:778][  0]LogPakFile: PakFile PrimaryIndexSize=182
[2022.03.02-09.45.28:779][  0]LogPakFile: PakFile PathHashIndexSize=101
[2022.03.02-09.45.28:779][  0]LogPakFile: PakFile FullDirectoryIndexSize=138
[2022.03.02-09.45.28:779][  0]LogShaderLibrary: Display: ShaderCodeLibraryPakFileMountedCallback: PakFile 'C:/Program Files/Epic Games/UE_4.27/FeaturePacks/TP_Puzzle.upack' (chunk index -1, root 'root:/') mounted
[2022.03.02-09.45.28:779][  0]LogShaderLibrary: Display: ShaderCodeLibraryPakFileMountedCallback: pending pak file info (ChunkID:-1 Root:root:/ File:C:/Program Files/Epic Games/UE_4.27/FeaturePacks/TP_Puzzle.upack)
[2022.03.02-09.45.28:779][  0]LogPakFile: OnPakFileMounted2Time == 0.000120
[2022.03.02-09.45.28:779][  0]LogPakFile: PakFile PrimaryIndexSize=184
[2022.03.02-09.45.28:779][  0]LogPakFile: PakFile PathHashIndexSize=101
[2022.03.02-09.45.28:780][  0]LogPakFile: PakFile FullDirectoryIndexSize=142
[2022.03.02-09.45.28:780][  0]LogShaderLibrary: Display: ShaderCodeLibraryPakFileMountedCallback: PakFile 'C:/Program Files/Epic Games/UE_4.27/FeaturePacks/TP_PuzzleBP.upack' (chunk index -1, root 'root:/') mounted
[2022.03.02-09.45.28:780][  0]LogShaderLibrary: Display: ShaderCodeLibraryPakFileMountedCallback: pending pak file info (ChunkID:-1 Root:root:/ File:C:/Program Files/Epic Games/UE_4.27/FeaturePacks/TP_PuzzleBP.upack)
[2022.03.02-09.45.28:780][  0]LogPakFile: OnPakFileMounted2Time == 0.000118
[2022.03.02-09.45.28:780][  0]LogPakFile: PakFile PrimaryIndexSize=183
[2022.03.02-09.45.28:780][  0]LogPakFile: PakFile PathHashIndexSize=101
[2022.03.02-09.45.28:780][  0]LogPakFile: PakFile FullDirectoryIndexSize=140
[2022.03.02-09.45.28:781][  0]LogShaderLibrary: Display: ShaderCodeLibraryPakFileMountedCallback: PakFile 'C:/Program Files/Epic Games/UE_4.27/FeaturePacks/TP_Rolling.upack' (chunk index -1, root 'root:/') mounted
[2022.03.02-09.45.28:781][  0]LogShaderLibrary: Display: ShaderCodeLibraryPakFileMountedCallback: pending pak file info (ChunkID:-1 Root:root:/ File:C:/Program Files/Epic Games/UE_4.27/FeaturePacks/TP_Rolling.upack)
[2022.03.02-09.45.28:781][  0]LogPakFile: OnPakFileMounted2Time == 0.000100
[2022.03.02-09.45.28:781][  0]LogPakFile: PakFile PrimaryIndexSize=185
[2022.03.02-09.45.28:781][  0]LogPakFile: PakFile PathHashIndexSize=101
[2022.03.02-09.45.28:781][  0]LogPakFile: PakFile FullDirectoryIndexSize=144
[2022.03.02-09.45.28:781][  0]LogShaderLibrary: Display: ShaderCodeLibraryPakFileMountedCallback: PakFile 'C:/Program Files/Epic Games/UE_4.27/FeaturePacks/TP_RollingBP.upack' (chunk index -1, root 'root:/') mounted
[2022.03.02-09.45.28:781][  0]LogShaderLibrary: Display: ShaderCodeLibraryPakFileMountedCallback: pending pak file info (ChunkID:-1 Root:root:/ File:C:/Program Files/Epic Games/UE_4.27/FeaturePacks/TP_RollingBP.upack)
[2022.03.02-09.45.28:781][  0]LogPakFile: OnPakFileMounted2Time == 0.000101
[2022.03.02-09.45.28:782][  0]LogPakFile: PakFile PrimaryIndexSize=188
[2022.03.02-09.45.28:782][  0]LogPakFile: PakFile PathHashIndexSize=101
[2022.03.02-09.45.28:782][  0]LogPakFile: PakFile FullDirectoryIndexSize=150
[2022.03.02-09.45.28:782][  0]LogShaderLibrary: Display: ShaderCodeLibraryPakFileMountedCallback: PakFile 'C:/Program Files/Epic Games/UE_4.27/FeaturePacks/TP_SideScroller.upack' (chunk index -1, root 'root:/') mounted
[2022.03.02-09.45.28:782][  0]LogShaderLibrary: Display: ShaderCodeLibraryPakFileMountedCallback: pending pak file info (ChunkID:-1 Root:root:/ File:C:/Program Files/Epic Games/UE_4.27/FeaturePacks/TP_SideScroller.upack)
[2022.03.02-09.45.28:782][  0]LogPakFile: OnPakFileMounted2Time == 0.000114
[2022.03.02-09.45.28:783][  0]LogPakFile: PakFile PrimaryIndexSize=190
[2022.03.02-09.45.28:783][  0]LogPakFile: PakFile PathHashIndexSize=101
[2022.03.02-09.45.28:783][  0]LogPakFile: PakFile FullDirectoryIndexSize=154
[2022.03.02-09.45.28:783][  0]LogShaderLibrary: Display: ShaderCodeLibraryPakFileMountedCallback: PakFile 'C:/Program Files/Epic Games/UE_4.27/FeaturePacks/TP_SideScrollerBP.upack' (chunk index -1, root 'root:/') mounted
[2022.03.02-09.45.28:783][  0]LogShaderLibrary: Display: ShaderCodeLibraryPakFileMountedCallback: pending pak file info (ChunkID:-1 Root:root:/ File:C:/Program Files/Epic Games/UE_4.27/FeaturePacks/TP_SideScrollerBP.upack)
[2022.03.02-09.45.28:783][  0]LogPakFile: OnPakFileMounted2Time == 0.000116
[2022.03.02-09.45.28:784][  0]LogPakFile: PakFile PrimaryIndexSize=187
[2022.03.02-09.45.28:784][  0]LogPakFile: PakFile PathHashIndexSize=101
[2022.03.02-09.45.28:784][  0]LogPakFile: PakFile FullDirectoryIndexSize=148
[2022.03.02-09.45.28:784][  0]LogShaderLibrary: Display: ShaderCodeLibraryPakFileMountedCallback: PakFile 'C:/Program Files/Epic Games/UE_4.27/FeaturePacks/TP_ThirdPerson.upack' (chunk index -1, root 'root:/') mounted
[2022.03.02-09.45.28:784][  0]LogShaderLibrary: Display: ShaderCodeLibraryPakFileMountedCallback: pending pak file info (ChunkID:-1 Root:root:/ File:C:/Program Files/Epic Games/UE_4.27/FeaturePacks/TP_ThirdPerson.upack)
[2022.03.02-09.45.28:784][  0]LogPakFile: OnPakFileMounted2Time == 0.000102
[2022.03.02-09.45.28:785][  0]LogPakFile: PakFile PrimaryIndexSize=189
[2022.03.02-09.45.28:785][  0]LogPakFile: PakFile PathHashIndexSize=101
[2022.03.02-09.45.28:785][  0]LogPakFile: PakFile FullDirectoryIndexSize=152
[2022.03.02-09.45.28:785][  0]LogShaderLibrary: Display: ShaderCodeLibraryPakFileMountedCallback: PakFile 'C:/Program Files/Epic Games/UE_4.27/FeaturePacks/TP_ThirdPersonBP.upack' (chunk index -1, root 'root:/') mounted
[2022.03.02-09.45.28:785][  0]LogShaderLibrary: Display: ShaderCodeLibraryPakFileMountedCallback: pending pak file info (ChunkID:-1 Root:root:/ File:C:/Program Files/Epic Games/UE_4.27/FeaturePacks/TP_ThirdPersonBP.upack)
[2022.03.02-09.45.28:785][  0]LogPakFile: OnPakFileMounted2Time == 0.000106
[2022.03.02-09.45.28:785][  0]LogPakFile: PakFile PrimaryIndexSize=183
[2022.03.02-09.45.28:785][  0]LogPakFile: PakFile PathHashIndexSize=101
[2022.03.02-09.45.28:786][  0]LogPakFile: PakFile FullDirectoryIndexSize=140
[2022.03.02-09.45.28:786][  0]LogShaderLibrary: Display: ShaderCodeLibraryPakFileMountedCallback: PakFile 'C:/Program Files/Epic Games/UE_4.27/FeaturePacks/TP_TopDown.upack' (chunk index -1, root 'root:/') mounted
[2022.03.02-09.45.28:786][  0]LogShaderLibrary: Display: ShaderCodeLibraryPakFileMountedCallback: pending pak file info (ChunkID:-1 Root:root:/ File:C:/Program Files/Epic Games/UE_4.27/FeaturePacks/TP_TopDown.upack)
[2022.03.02-09.45.28:786][  0]LogPakFile: OnPakFileMounted2Time == 0.000117
[2022.03.02-09.45.28:786][  0]LogPakFile: PakFile PrimaryIndexSize=185
[2022.03.02-09.45.28:786][  0]LogPakFile: PakFile PathHashIndexSize=101
[2022.03.02-09.45.28:786][  0]LogPakFile: PakFile FullDirectoryIndexSize=144
[2022.03.02-09.45.28:786][  0]LogShaderLibrary: Display: ShaderCodeLibraryPakFileMountedCallback: PakFile 'C:/Program Files/Epic Games/UE_4.27/FeaturePacks/TP_TopDownBP.upack' (chunk index -1, root 'root:/') mounted
[2022.03.02-09.45.28:786][  0]LogShaderLibrary: Display: ShaderCodeLibraryPakFileMountedCallback: pending pak file info (ChunkID:-1 Root:root:/ File:C:/Program Files/Epic Games/UE_4.27/FeaturePacks/TP_TopDownBP.upack)
[2022.03.02-09.45.28:786][  0]LogPakFile: OnPakFileMounted2Time == 0.000118
[2022.03.02-09.45.28:787][  0]LogPakFile: PakFile PrimaryIndexSize=185
[2022.03.02-09.45.28:787][  0]LogPakFile: PakFile PathHashIndexSize=101
[2022.03.02-09.45.28:787][  0]LogPakFile: PakFile FullDirectoryIndexSize=144
[2022.03.02-09.45.28:787][  0]LogShaderLibrary: Display: ShaderCodeLibraryPakFileMountedCallback: PakFile 'C:/Program Files/Epic Games/UE_4.27/FeaturePacks/TP_TwinStick.upack' (chunk index -1, root 'root:/') mounted
[2022.03.02-09.45.28:787][  0]LogShaderLibrary: Display: ShaderCodeLibraryPakFileMountedCallback: pending pak file info (ChunkID:-1 Root:root:/ File:C:/Program Files/Epic Games/UE_4.27/FeaturePacks/TP_TwinStick.upack)
[2022.03.02-09.45.28:787][  0]LogPakFile: OnPakFileMounted2Time == 0.000116
[2022.03.02-09.45.28:788][  0]LogPakFile: PakFile PrimaryIndexSize=187
[2022.03.02-09.45.28:788][  0]LogPakFile: PakFile PathHashIndexSize=101
[2022.03.02-09.45.28:788][  0]LogPakFile: PakFile FullDirectoryIndexSize=148
[2022.03.02-09.45.28:788][  0]LogShaderLibrary: Display: ShaderCodeLibraryPakFileMountedCallback: PakFile 'C:/Program Files/Epic Games/UE_4.27/FeaturePacks/TP_TwinStickBP.upack' (chunk index -1, root 'root:/') mounted
[2022.03.02-09.45.28:788][  0]LogShaderLibrary: Display: ShaderCodeLibraryPakFileMountedCallback: pending pak file info (ChunkID:-1 Root:root:/ File:C:/Program Files/Epic Games/UE_4.27/FeaturePacks/TP_TwinStickBP.upack)
[2022.03.02-09.45.28:788][  0]LogPakFile: OnPakFileMounted2Time == 0.000103
[2022.03.02-09.45.28:789][  0]LogPakFile: PakFile PrimaryIndexSize=183
[2022.03.02-09.45.28:789][  0]LogPakFile: PakFile PathHashIndexSize=101
[2022.03.02-09.45.28:789][  0]LogPakFile: PakFile FullDirectoryIndexSize=140
[2022.03.02-09.45.28:789][  0]LogShaderLibrary: Display: ShaderCodeLibraryPakFileMountedCallback: PakFile 'C:/Program Files/Epic Games/UE_4.27/FeaturePacks/TP_Vehicle.upack' (chunk index -1, root 'root:/') mounted
[2022.03.02-09.45.28:789][  0]LogShaderLibrary: Display: ShaderCodeLibraryPakFileMountedCallback: pending pak file info (ChunkID:-1 Root:root:/ File:C:/Program Files/Epic Games/UE_4.27/FeaturePacks/TP_Vehicle.upack)
[2022.03.02-09.45.28:789][  0]LogPakFile: OnPakFileMounted2Time == 0.000096
[2022.03.02-09.45.28:790][  0]LogPakFile: PakFile PrimaryIndexSize=186
[2022.03.02-09.45.28:790][  0]LogPakFile: PakFile PathHashIndexSize=101
[2022.03.02-09.45.28:790][  0]LogPakFile: PakFile FullDirectoryIndexSize=146
[2022.03.02-09.45.28:790][  0]LogShaderLibrary: Display: ShaderCodeLibraryPakFileMountedCallback: PakFile 'C:/Program Files/Epic Games/UE_4.27/FeaturePacks/TP_VehicleAdv.upack' (chunk index -1, root 'root:/') mounted
[2022.03.02-09.45.28:790][  0]LogShaderLibrary: Display: ShaderCodeLibraryPakFileMountedCallback: pending pak file info (ChunkID:-1 Root:root:/ File:C:/Program Files/Epic Games/UE_4.27/FeaturePacks/TP_VehicleAdv.upack)
[2022.03.02-09.45.28:790][  0]LogPakFile: OnPakFileMounted2Time == 0.000095
[2022.03.02-09.45.28:790][  0]LogPakFile: PakFile PrimaryIndexSize=188
[2022.03.02-09.45.28:790][  0]LogPakFile: PakFile PathHashIndexSize=101
[2022.03.02-09.45.28:790][  0]LogPakFile: PakFile FullDirectoryIndexSize=150
[2022.03.02-09.45.28:791][  0]LogShaderLibrary: Display: ShaderCodeLibraryPakFileMountedCallback: PakFile 'C:/Program Files/Epic Games/UE_4.27/FeaturePacks/TP_VehicleAdvBP.upack' (chunk index -1, root 'root:/') mounted
[2022.03.02-09.45.28:791][  0]LogShaderLibrary: Display: ShaderCodeLibraryPakFileMountedCallback: pending pak file info (ChunkID:-1 Root:root:/ File:C:/Program Files/Epic Games/UE_4.27/FeaturePacks/TP_VehicleAdvBP.upack)
[2022.03.02-09.45.28:791][  0]LogPakFile: OnPakFileMounted2Time == 0.000104
[2022.03.02-09.45.28:791][  0]LogPakFile: PakFile PrimaryIndexSize=185
[2022.03.02-09.45.28:791][  0]LogPakFile: PakFile PathHashIndexSize=101
[2022.03.02-09.45.28:791][  0]LogPakFile: PakFile FullDirectoryIndexSize=144
[2022.03.02-09.45.28:791][  0]LogShaderLibrary: Display: ShaderCodeLibraryPakFileMountedCallback: PakFile 'C:/Program Files/Epic Games/UE_4.27/FeaturePacks/TP_VehicleBP.upack' (chunk index -1, root 'root:/') mounted
[2022.03.02-09.45.28:791][  0]LogShaderLibrary: Display: ShaderCodeLibraryPakFileMountedCallback: pending pak file info (ChunkID:-1 Root:root:/ File:C:/Program Files/Epic Games/UE_4.27/FeaturePacks/TP_VehicleBP.upack)
[2022.03.02-09.45.28:792][  0]LogPakFile: OnPakFileMounted2Time == 0.000118
[2022.03.02-09.45.28:792][  0]LogPakFile: PakFile PrimaryIndexSize=192
[2022.03.02-09.45.28:792][  0]LogPakFile: PakFile PathHashIndexSize=101
[2022.03.02-09.45.28:792][  0]LogPakFile: PakFile FullDirectoryIndexSize=158
[2022.03.02-09.45.28:792][  0]LogShaderLibrary: Display: ShaderCodeLibraryPakFileMountedCallback: PakFile 'C:/Program Files/Epic Games/UE_4.27/FeaturePacks/TP_VirtualRealityBP.upack' (chunk index -1, root 'root:/') mounted
[2022.03.02-09.45.28:792][  0]LogShaderLibrary: Display: ShaderCodeLibraryPakFileMountedCallback: pending pak file info (ChunkID:-1 Root:root:/ File:C:/Program Files/Epic Games/UE_4.27/FeaturePacks/TP_VirtualRealityBP.upack)
[2022.03.02-09.45.28:792][  0]LogPakFile: OnPakFileMounted2Time == 0.000106
[2022.03.02-09.45.28:843][  0]LogNativeClassHierarchy: Verbose: Native class hierarchy updated for 'AddContentDialog' in 0.0002 seconds. Added 0 classes and 0 folders.
[2022.03.02-09.45.28:844][  0]LogNativeClassHierarchy: Verbose: Native class hierarchy updated for 'SceneOutliner' in 0.0002 seconds. Added 2 classes and 0 folders.
[2022.03.02-09.45.28:893][  0]LogSlate: Took 0.000191 seconds to synchronously load lazily loaded font '../../../Engine/Content/Slate/Fonts/Roboto-Regular.ttf' (155K)
[2022.03.02-09.45.28:894][  0]LogSlate: Took 0.000175 seconds to synchronously load lazily loaded font '../../../Engine/Content/Editor/Slate/Fonts/FontAwesome.ttf' (139K)
[2022.03.02-09.45.28:896][  0]LogSlate: Took 0.000196 seconds to synchronously load lazily loaded font '../../../Engine/Content/Slate/Fonts/Roboto-Bold.ttf' (160K)
[2022.03.02-09.45.28:958][  0]LogRenderer: Reallocating scene render targets to support 1528x648 Format 10 NumSamples 1 (Frame:1).
[2022.03.02-09.45.28:993][  0]LogSlate: Took 0.000205 seconds to synchronously load lazily loaded font '../../../Engine/Content/Slate/Fonts/Roboto-Light.ttf' (167K)
[2022.03.02-09.45.29:100][  0]LogNativeClassHierarchy: Verbose: Native class hierarchy updated for 'HierarchicalLODOutliner' in 0.0002 seconds. Added 0 classes and 0 folders.
[2022.03.02-09.45.29:100][  0]LogInput: Warning: Action SetDestination uses invalid key OculusGo_Left_Trigger_Click.
[2022.03.02-09.45.29:100][  0]LogInput: Warning: Action ResetVR uses invalid key OculusGo_Left_Back_Click.
[2022.03.02-09.45.29:100][  0]LogInput: Warning: Use -RemoveInvalidKeys to remove instances of these keys from the action mapping.
[2022.03.02-09.45.29:100][  0]LogLoad: (Engine Initialization) Total time: 15.22 seconds
[2022.03.02-09.45.29:100][  0]LogLoad: (Engine Initialization) Total Blueprint compile time: 0.00 seconds
[2022.03.02-09.45.29:142][  0]LogAssetRegistry: Asset discovery search completed in 8.5492 seconds
[2022.03.02-09.45.29:147][  0]LogCollectionManager: Fixed up redirectors for 0 collections in 0.000003 seconds (updated 0 objects)
[2022.03.02-09.45.29:149][  0]LogContentStreaming: Texture pool size now 1000 MB
[2022.03.02-09.45.39:228][846]LogTemp: Repeating last play command: Selected Viewport
[2022.03.02-09.45.39:237][846]LogPlayLevel: PlayLevel: No blueprints needed recompiling
[2022.03.02-09.45.39:238][846]PIE: New page: PIE session: TopDownExampleMap (2022. 3. 3. 오전 3:45:39)
[2022.03.02-09.45.39:241][846]LogOnline: OSS: Creating online subsystem instance for: NULL
[2022.03.02-09.45.39:244][846]LogOnline: OSS: TryLoadSubsystemAndSetDefault: Loaded subsystem for module [NULL]
[2022.03.02-09.45.39:245][846]LogPlayLevel: Creating play world package: /Game/TopDownCPP/Maps/UEDPIE_0_TopDownExampleMap
[2022.03.02-09.45.39:258][846]LogPlayLevel: PIE: StaticDuplicateObject took: (0.012774s)
[2022.03.02-09.45.39:259][846]LogAIModule: Creating AISystem for world TopDownExampleMap
[2022.03.02-09.45.39:260][846]LogPlayLevel: PIE: World Init took: (0.001926s)
[2022.03.02-09.45.39:260][846]LogPlayLevel: PIE: Created PIE world by copying editor world from /Game/TopDownCPP/Maps/TopDownExampleMap.TopDownExampleMap to /Game/TopDownCPP/Maps/UEDPIE_0_TopDownExampleMap.TopDownExampleMap (0.015452s)
[2022.03.02-09.45.39:279][846]LogUObjectHash: Compacting FUObjectHashTables data took   0.57ms
[2022.03.02-09.45.39:281][846]LogAudio: Display: Creating Audio Device:                 Id: 2, Scope: Unique, Realtime: True
[2022.03.02-09.45.39:281][846]LogAudioMixer: Display: Audio Mixer Platform Settings:
[2022.03.02-09.45.39:281][846]LogAudioMixer: Display: 	Sample Rate:						  48000
[2022.03.02-09.45.39:281][846]LogAudioMixer: Display: 	Callback Buffer Frame Size Requested: 1024
[2022.03.02-09.45.39:281][846]LogAudioMixer: Display: 	Callback Buffer Frame Size To Use:	  1024
[2022.03.02-09.45.39:282][846]LogAudioMixer: Display: 	Number of buffers to queue:			  2
[2022.03.02-09.45.39:282][846]LogAudioMixer: Display: 	Max Channels (voices):				  32
[2022.03.02-09.45.39:282][846]LogAudioMixer: Display: 	Number of Async Source Workers:		  0
[2022.03.02-09.45.39:282][846]LogAudio: Display: AudioDevice MaxSources: 32
[2022.03.02-09.45.39:282][846]LogAudio: Display: Audio Spatialization Plugin: None (built-in).
[2022.03.02-09.45.39:282][846]LogAudio: Display: Audio Reverb Plugin: None (built-in).
[2022.03.02-09.45.39:282][846]LogAudio: Display: Audio Occlusion Plugin: None (built-in).
[2022.03.02-09.45.39:282][846]LogAudioMixer: Display: Initializing audio mixer.
[2022.03.02-09.45.39:300][846]LogAudioMixer: Display: 0: FrontLeft
[2022.03.02-09.45.39:301][846]LogAudioMixer: Display: 1: FrontRight
[2022.03.02-09.45.39:329][846]LogAudioMixer: Display: Using Audio Device 스피커(Realtek(R) Audio)
[2022.03.02-09.45.39:330][846]LogAudioMixer: Display: Initializing Sound Submixes...
[2022.03.02-09.45.39:330][846]LogAudioMixer: Display: Creating Master Submix 'MasterSubmixDefault'
[2022.03.02-09.45.39:330][846]LogAudioMixer: Display: Creating Master Submix 'MasterReverbSubmixDefault'
[2022.03.02-09.45.39:330][846]LogAudioMixer: Display: Creating Master Submix 'MasterEQSubmixDefault'
[2022.03.02-09.45.39:330][846]LogAudioMixer: FMixerPlatformXAudio2::StartAudioStream() called
[2022.03.02-09.45.39:331][846]LogAudioMixer: Display: Output buffers initialized: Frames=1024, Channels=2, Samples=2048
[2022.03.02-09.45.39:332][846]LogAudioMixer: Display: Starting AudioMixerPlatformInterface::RunInternal()
[2022.03.02-09.45.39:332][846]LogAudioMixer: Display: FMixerPlatformXAudio2::SubmitBuffer() called for the first time
[2022.03.02-09.45.39:332][846]LogInit: FAudioDevice initialized.
[2022.03.02-09.45.39:332][846]LogAudio: Display: Audio Device (ID: 2) registered with world 'TopDownExampleMap'.
[2022.03.02-09.45.39:342][846]LogLoad: Game class is 'HelloUnrealGameMode'
[2022.03.02-09.45.39:348][846]LogWorld: Bringing World /Game/TopDownCPP/Maps/UEDPIE_0_TopDownExampleMap.TopDownExampleMap up for play (max tick rate 0) at 2022.03.02-18.45.39
[2022.03.02-09.45.39:348][846]LogWorld: Bringing up level for play took: 0.001520
[2022.03.02-09.45.39:349][846]LogOnline: OSS: Creating online subsystem instance for: :Context_1
[2022.03.02-09.45.39:362][846]LogNativeClassHierarchy: Verbose: Native class hierarchy updated for 'MovieSceneCapture' in 0.0003 seconds. Added 20 classes and 0 folders.
[2022.03.02-09.45.39:387][846]PIE: Server logged in
[2022.03.02-09.45.39:390][846]PIE: Play in editor total start time 0.157 seconds.
